  [1m[35m (80.2ms)[0m  [1m[35mCREATE DATABASE "ajali_development" ENCODING = 'unicode'[0m
  [1m[35m (0.4ms)[0m  [1m[35mCREATE DATABASE "ajali_development" ENCODING = 'unicode'[0m
  [1m[35m (0.4ms)[0m  [1m[35mCREATE DATABASE "ajali_development" ENCODING = 'unicode'[0m
  [1m[35m (9.0ms)[0m  [1m[35mCREATE TABLE "schema_migrations" ("version" character varying NOT NULL PRIMARY KEY)[0m
  [1m[35m (6.7ms)[0m  [1m[35mCREATE TABLE "ar_internal_metadata" ("key" character varying NOT NULL PRIMARY KEY, "value" character varying, "created_at" timestamp(6) NOT NULL, "updated_at" timestamp(6) NOT NULL)[0m
  [1m[35m (0.3ms)[0m  [1m[34mSELECT pg_try_advisory_lock(6663567939080772405)[0m
  [1m[36mActiveRecord::SchemaMigration Pluck (0.3ms)[0m  [1m[34mSELECT "schema_migrations"."version" FROM "schema_migrations" ORDER BY "schema_migrations"."version" ASC[0m
Migrating to CreateUsers (20230412085950)
  [1m[36mTRANSACTION (0.2ms)[0m  [1m[35mBEGIN[0m
  [1m[35m (4.3ms)[0m  [1m[35mCREATE TABLE "users" ("id" bigserial primary key, "email" character varying NOT NULL, "username" character varying NOT NULL, "password_digest" character varying NOT NULL, "role" character varying DEFAULT '0' NOT NULL, "phone_number" integer, "created_at" timestamp(6) NOT NULL, "updated_at" timestamp(6) NOT NULL)[0m
  [1m[36mActiveRecord::SchemaMigration Create (0.4ms)[0m  [1m[32mINSERT INTO "schema_migrations" ("version") VALUES ($1) RETURNING "version"[0m  [["version", "20230412085950"]]
  [1m[36mTRANSACTION (0.6ms)[0m  [1m[35mCOMMIT[0m
Migrating to CreateIncidents (20230412092238)
  [1m[36mTRANSACTION (0.5ms)[0m  [1m[35mBEGIN[0m
  [1m[35m (0.5ms)[0m  [1m[35mALTER TABLE "incidents" ADD "user_id" bigint NOT NULL[0m
  [1m[36mTRANSACTION (0.1ms)[0m  [1m[31mROLLBACK[0m
  [1m[35m (0.2ms)[0m  [1m[34mSELECT pg_advisory_unlock(6663567939080772405)[0m
  [1m[35m (0.2ms)[0m  [1m[34mSELECT pg_try_advisory_lock(6663567939080772405)[0m
  [1m[36mActiveRecord::SchemaMigration Pluck (0.4ms)[0m  [1m[34mSELECT "schema_migrations"."version" FROM "schema_migrations" ORDER BY "schema_migrations"."version" ASC[0m
Migrating to CreateIncidents (20230412092238)
  [1m[36mTRANSACTION (0.2ms)[0m  [1m[35mBEGIN[0m
  [1m[35m (6.0ms)[0m  [1m[35mCREATE TABLE "incidents" ("id" bigserial primary key, "title" character varying NOT NULL, "description" character varying NOT NULL, "longitude" float, "latitude" float, "status" character varying NOT NULL, "images" character varying, "videos" character varying, "user_id" bigint NOT NULL, "created_at" timestamp(6) NOT NULL, "updated_at" timestamp(6) NOT NULL, CONSTRAINT "fk_rails_6af30a70d3"
FOREIGN KEY ("user_id")
  REFERENCES "users" ("id")
)[0m
  [1m[35m (1.4ms)[0m  [1m[35mCREATE INDEX "index_incidents_on_user_id" ON "incidents" ("user_id")[0m
  [1m[36mActiveRecord::SchemaMigration Create (0.3ms)[0m  [1m[32mINSERT INTO "schema_migrations" ("version") VALUES ($1) RETURNING "version"[0m  [["version", "20230412092238"]]
  [1m[36mTRANSACTION (1.0ms)[0m  [1m[35mCOMMIT[0m
  [1m[36mActiveRecord::InternalMetadata Load (0.3ms)[0m  [1m[34mSELECT "ar_internal_metadata".* FROM "ar_internal_metadata" WHERE "ar_internal_metadata"."key" = $1 LIMIT $2[0m  [["key", "environment"], ["LIMIT", 1]]
  [1m[36mTRANSACTION (0.2ms)[0m  [1m[35mBEGIN[0m
  [1m[36mActiveRecord::InternalMetadata Create (0.4ms)[0m  [1m[32mINSERT INTO "ar_internal_metadata" ("key", "value", "created_at", "updated_at") VALUES ($1, $2, $3, $4) RETURNING "key"[0m  [["key", "environment"], ["value", "development"], ["created_at", "2023-04-12 09:51:32.838546"], ["updated_at", "2023-04-12 09:51:32.838546"]]
  [1m[36mTRANSACTION (0.7ms)[0m  [1m[35mCOMMIT[0m
  [1m[35m (0.3ms)[0m  [1m[34mSELECT pg_advisory_unlock(6663567939080772405)[0m
  [1m[36mActiveRecord::SchemaMigration Pluck (0.7ms)[0m  [1m[34mSELECT "schema_migrations"."version" FROM "schema_migrations" ORDER BY "schema_migrations"."version" ASC[0m
  [1m[36mActiveRecord::SchemaMigration Pluck (0.3ms)[0m  [1m[34mSELECT "schema_migrations"."version" FROM "schema_migrations" ORDER BY "schema_migrations"."version" ASC[0m
  [1m[36mActiveRecord::SchemaMigration Pluck (0.2ms)[0m  [1m[34mSELECT "schema_migrations"."version" FROM "schema_migrations" ORDER BY "schema_migrations"."version" ASC[0m
  [1m[36mActiveRecord::SchemaMigration Pluck (0.2ms)[0m  [1m[34mSELECT "schema_migrations"."version" FROM "schema_migrations" ORDER BY "schema_migrations"."version" ASC[0m
  [1m[35m (0.2ms)[0m  [1m[34mSELECT pg_try_advisory_lock(6663567939080772405)[0m
  [1m[36mActiveRecord::SchemaMigration Pluck (0.2ms)[0m  [1m[34mSELECT "schema_migrations"."version" FROM "schema_migrations" ORDER BY "schema_migrations"."version" ASC[0m
Migrating to CreateIncidents (20230412092238)
  [1m[36mTRANSACTION (0.2ms)[0m  [1m[35mBEGIN[0m
  [1m[35m (1.8ms)[0m  [1m[35mDROP TABLE "incidents"[0m
  [1m[36mActiveRecord::SchemaMigration Delete All (0.4ms)[0m  [1m[31mDELETE FROM "schema_migrations" WHERE "schema_migrations"."version" = $1[0m  [["version", "20230412092238"]]
  [1m[36mTRANSACTION (1.2ms)[0m  [1m[35mCOMMIT[0m
  [1m[35m (0.2ms)[0m  [1m[34mSELECT pg_advisory_unlock(6663567939080772405)[0m
  [1m[36mActiveRecord::SchemaMigration Pluck (0.5ms)[0m  [1m[34mSELECT "schema_migrations"."version" FROM "schema_migrations" ORDER BY "schema_migrations"."version" ASC[0m
  [1m[36mActiveRecord::SchemaMigration Pluck (0.4ms)[0m  [1m[34mSELECT "schema_migrations"."version" FROM "schema_migrations" ORDER BY "schema_migrations"."version" ASC[0m
  [1m[36mActiveRecord::SchemaMigration Pluck (0.2ms)[0m  [1m[34mSELECT "schema_migrations"."version" FROM "schema_migrations" ORDER BY "schema_migrations"."version" ASC[0m
  [1m[36mActiveRecord::SchemaMigration Pluck (0.2ms)[0m  [1m[34mSELECT "schema_migrations"."version" FROM "schema_migrations" ORDER BY "schema_migrations"."version" ASC[0m
  [1m[35m (0.2ms)[0m  [1m[34mSELECT pg_try_advisory_lock(6663567939080772405)[0m
  [1m[36mActiveRecord::SchemaMigration Pluck (0.2ms)[0m  [1m[34mSELECT "schema_migrations"."version" FROM "schema_migrations" ORDER BY "schema_migrations"."version" ASC[0m
Migrating to CreateUsers (20230412085950)
  [1m[36mTRANSACTION (0.2ms)[0m  [1m[35mBEGIN[0m
  [1m[35m (0.9ms)[0m  [1m[35mDROP TABLE "users"[0m
  [1m[36mActiveRecord::SchemaMigration Delete All (0.3ms)[0m  [1m[31mDELETE FROM "schema_migrations" WHERE "schema_migrations"."version" = $1[0m  [["version", "20230412085950"]]
  [1m[36mTRANSACTION (6.0ms)[0m  [1m[35mCOMMIT[0m
  [1m[35m (0.3ms)[0m  [1m[34mSELECT pg_advisory_unlock(6663567939080772405)[0m
  [1m[36mActiveRecord::SchemaMigration Pluck (0.6ms)[0m  [1m[34mSELECT "schema_migrations"."version" FROM "schema_migrations" ORDER BY "schema_migrations"."version" ASC[0m
  [1m[35m (0.1ms)[0m  [1m[34mSELECT pg_try_advisory_lock(6663567939080772405)[0m
  [1m[36mActiveRecord::SchemaMigration Pluck (0.4ms)[0m  [1m[34mSELECT "schema_migrations"."version" FROM "schema_migrations" ORDER BY "schema_migrations"."version" ASC[0m
Migrating to CreateUsers (20230412085950)
  [1m[36mTRANSACTION (0.1ms)[0m  [1m[35mBEGIN[0m
  [1m[35m (4.9ms)[0m  [1m[35mCREATE TABLE "users" ("id" bigserial primary key, "email" character varying NOT NULL, "username" character varying NOT NULL, "password_digest" character varying NOT NULL, "role" character varying DEFAULT '0' NOT NULL, "phone_number" integer, "created_at" timestamp(6) NOT NULL, "updated_at" timestamp(6) NOT NULL)[0m
  [1m[36mActiveRecord::SchemaMigration Create (0.3ms)[0m  [1m[32mINSERT INTO "schema_migrations" ("version") VALUES ($1) RETURNING "version"[0m  [["version", "20230412085950"]]
  [1m[36mTRANSACTION (0.9ms)[0m  [1m[35mCOMMIT[0m
Migrating to CreateIncidents (20230412092238)
  [1m[36mTRANSACTION (0.1ms)[0m  [1m[35mBEGIN[0m
  [1m[35m (5.0ms)[0m  [1m[35mCREATE TABLE "incidents" ("id" bigserial primary key, "title" character varying NOT NULL, "description" character varying NOT NULL, "status" character varying NOT NULL, "user_id" bigint NOT NULL, "created_at" timestamp(6) NOT NULL, "updated_at" timestamp(6) NOT NULL, CONSTRAINT "fk_rails_6af30a70d3"
FOREIGN KEY ("user_id")
  REFERENCES "users" ("id")
)[0m
  [1m[35m (2.1ms)[0m  [1m[35mCREATE INDEX "index_incidents_on_user_id" ON "incidents" ("user_id")[0m
  [1m[36mActiveRecord::SchemaMigration Create (0.3ms)[0m  [1m[32mINSERT INTO "schema_migrations" ("version") VALUES ($1) RETURNING "version"[0m  [["version", "20230412092238"]]
  [1m[36mTRANSACTION (1.2ms)[0m  [1m[35mCOMMIT[0m
Migrating to CreateImages (20230412112035)
  [1m[36mTRANSACTION (0.2ms)[0m  [1m[35mBEGIN[0m
  [1m[35m (3.9ms)[0m  [1m[35mCREATE TABLE "images" ("id" bigserial primary key, "image" character varying, "incidents_id" bigint NOT NULL, "created_at" timestamp(6) NOT NULL, "updated_at" timestamp(6) NOT NULL, CONSTRAINT "fk_rails_8ad9f94eff"
FOREIGN KEY ("incidents_id")
  REFERENCES "incidents" ("id")
)[0m
  [1m[35m (1.7ms)[0m  [1m[35mCREATE INDEX "index_images_on_incidents_id" ON "images" ("incidents_id")[0m
  [1m[36mActiveRecord::SchemaMigration Create (0.4ms)[0m  [1m[32mINSERT INTO "schema_migrations" ("version") VALUES ($1) RETURNING "version"[0m  [["version", "20230412112035"]]
  [1m[36mTRANSACTION (0.7ms)[0m  [1m[35mCOMMIT[0m
Migrating to CreateVideos (20230412112052)
  [1m[36mTRANSACTION (0.2ms)[0m  [1m[35mBEGIN[0m
  [1m[35m (4.0ms)[0m  [1m[35mCREATE TABLE "videos" ("id" bigserial primary key, "video" character varying, "incidents_id" bigint NOT NULL, "created_at" timestamp(6) NOT NULL, "updated_at" timestamp(6) NOT NULL, CONSTRAINT "fk_rails_1fcdfde85c"
FOREIGN KEY ("incidents_id")
  REFERENCES "incidents" ("id")
)[0m
  [1m[35m (1.4ms)[0m  [1m[35mCREATE INDEX "index_videos_on_incidents_id" ON "videos" ("incidents_id")[0m
  [1m[36mActiveRecord::SchemaMigration Create (0.2ms)[0m  [1m[32mINSERT INTO "schema_migrations" ("version") VALUES ($1) RETURNING "version"[0m  [["version", "20230412112052"]]
  [1m[36mTRANSACTION (0.6ms)[0m  [1m[35mCOMMIT[0m
Migrating to CreateGeolocations (20230412112105)
  [1m[36mTRANSACTION (0.2ms)[0m  [1m[35mBEGIN[0m
  [1m[35m (2.8ms)[0m  [1m[35mCREATE TABLE "geolocations" ("id" bigserial primary key, "incidents_id" bigint NOT NULL, "latitude" float NOT NULL, "longitude" float NOT NULL, "created_at" timestamp(6) NOT NULL, "updated_at" timestamp(6) NOT NULL, CONSTRAINT "fk_rails_23e8822e82"
FOREIGN KEY ("incidents_id")
  REFERENCES "incidents" ("id")
)[0m
  [1m[35m (1.6ms)[0m  [1m[35mCREATE INDEX "index_geolocations_on_incidents_id" ON "geolocations" ("incidents_id")[0m
  [1m[36mActiveRecord::SchemaMigration Create (0.3ms)[0m  [1m[32mINSERT INTO "schema_migrations" ("version") VALUES ($1) RETURNING "version"[0m  [["version", "20230412112105"]]
  [1m[36mTRANSACTION (0.7ms)[0m  [1m[35mCOMMIT[0m
  [1m[36mActiveRecord::InternalMetadata Load (0.2ms)[0m  [1m[34mSELECT "ar_internal_metadata".* FROM "ar_internal_metadata" WHERE "ar_internal_metadata"."key" = $1 LIMIT $2[0m  [["key", "environment"], ["LIMIT", 1]]
  [1m[35m (0.3ms)[0m  [1m[34mSELECT pg_advisory_unlock(6663567939080772405)[0m
  [1m[36mActiveRecord::SchemaMigration Pluck (0.6ms)[0m  [1m[34mSELECT "schema_migrations"."version" FROM "schema_migrations" ORDER BY "schema_migrations"."version" ASC[0m
Started POST "/login" for ::1 at 2023-04-18 12:22:09 +0300
  [1m[36mActiveRecord::SchemaMigration Pluck (1.5ms)[0m  [1m[34mSELECT "schema_migrations"."version" FROM "schema_migrations" ORDER BY "schema_migrations"."version" ASC[0m
Processing by UsersController#login as */*
Can't verify CSRF token authenticity.
Completed 200 OK in 8ms (Views: 0.6ms | ActiveRecord: 0.0ms | Allocations: 3307)


Started POST "/login" for ::1 at 2023-04-20 12:40:09 +0300
  [1m[36mActiveRecord::SchemaMigration Pluck (4.5ms)[0m  [1m[34mSELECT "schema_migrations"."version" FROM "schema_migrations" ORDER BY "schema_migrations"."version" ASC[0m
Processing by UsersController#login as */*
Can't verify CSRF token authenticity.
Completed 200 OK in 8ms (Views: 0.5ms | ActiveRecord: 0.0ms | Allocations: 3315)


Started POST "/login" for ::1 at 2023-04-20 12:42:24 +0300
Processing by UsersController#login as */*
Can't verify CSRF token authenticity.
Completed 200 OK in 25ms (Views: 0.4ms | ActiveRecord: 0.0ms | Allocations: 4192)


Started POST "/login" for ::1 at 2023-04-20 12:43:14 +0300
Processing by UsersController#login as */*
  Parameters: {"username"=>"ryan", "email"=>"email@gmail.com", "password"=>"[FILTERED]", "user"=>{"email"=>"email@gmail.com", "username"=>"ryan"}}
Can't verify CSRF token authenticity.
  [1m[36mUser Load (2.3ms)[0m  [1m[34mSELECT "users".* FROM "users" WHERE (username = 'ryan' OR email = 'email@gmail.com') ORDER BY "users"."id" ASC LIMIT $1[0m  [["LIMIT", 1]]
  ↳ app/controllers/users_controller.rb:31:in `login'
Completed 200 OK in 274ms (Views: 0.2ms | ActiveRecord: 23.8ms | Allocations: 19636)


Started POST "/login" for ::1 at 2023-04-20 12:43:40 +0300
  [1m[36mActiveRecord::SchemaMigration Pluck (1.0ms)[0m  [1m[34mSELECT "schema_migrations"."version" FROM "schema_migrations" ORDER BY "schema_migrations"."version" ASC[0m
  
NoMethodError (undefined method `protect_from_forgery' for ApplicationController:Class):
  
app/controllers/application_controller.rb:2:in `<class:ApplicationController>'
app/controllers/application_controller.rb:1:in `<main>'
app/controllers/users_controller.rb:1:in `<main>'
Started POST "/login" for ::1 at 2023-04-20 12:43:49 +0300
Processing by UsersController#login as */*
  Parameters: {"username"=>"ryan", "email"=>"email@gmail.com", "password"=>"[FILTERED]", "user"=>{"email"=>"email@gmail.com", "username"=>"ryan"}}
  [1m[36mUser Load (0.6ms)[0m  [1m[34mSELECT "users".* FROM "users" WHERE (username = 'ryan' OR email = 'email@gmail.com') ORDER BY "users"."id" ASC LIMIT $1[0m  [["LIMIT", 1]]
  ↳ app/controllers/users_controller.rb:31:in `login'
Completed 200 OK in 280ms (Views: 0.2ms | ActiveRecord: 4.6ms | Allocations: 17798)


Started POST "/login" for ::1 at 2023-04-20 12:44:01 +0300
  
NoMethodError (undefined method `protect_from_forgery' for ApplicationController:Class):
  
app/controllers/application_controller.rb:2:in `<class:ApplicationController>'
app/controllers/application_controller.rb:1:in `<main>'
app/controllers/users_controller.rb:1:in `<main>'
Started POST "/login" for ::1 at 2023-04-20 12:44:08 +0300
  
NoMethodError (undefined method `protect_from_forgery' for ApplicationController:Class):
  
app/controllers/application_controller.rb:2:in `<class:ApplicationController>'
app/controllers/application_controller.rb:1:in `<main>'
app/controllers/users_controller.rb:1:in `<main>'
Started POST "/login" for ::1 at 2023-04-20 12:44:20 +0300
  
NoMethodError (undefined method `protect_from_forgery' for UsersController:Class):
  
app/controllers/users_controller.rb:2:in `<class:UsersController>'
app/controllers/users_controller.rb:1:in `<main>'
Started POST "/login" for ::1 at 2023-04-20 12:44:27 +0300
Processing by UsersController#login as */*
  Parameters: {"username"=>"ryan", "email"=>"email@gmail.com", "password"=>"[FILTERED]", "user"=>{"email"=>"email@gmail.com", "username"=>"ryan"}}
  [1m[36mUser Load (0.9ms)[0m  [1m[34mSELECT "users".* FROM "users" WHERE (username = 'ryan' OR email = 'email@gmail.com') ORDER BY "users"."id" ASC LIMIT $1[0m  [["LIMIT", 1]]
  ↳ app/controllers/users_controller.rb:31:in `login'
Completed 200 OK in 319ms (Views: 0.2ms | ActiveRecord: 7.3ms | Allocations: 2697)


Started POST "/login" for ::1 at 2023-04-20 12:44:43 +0300
Processing by UsersController#login as */*
  Parameters: {"username"=>"ryan", "email"=>"email@gmail.com", "password"=>"[FILTERED]", "user"=>{"email"=>"email@gmail.com", "username"=>"ryan"}}
  [1m[36mUser Load (0.6ms)[0m  [1m[34mSELECT "users".* FROM "users" WHERE (username = 'ryan' OR email = 'email@gmail.com') ORDER BY "users"."id" ASC LIMIT $1[0m  [["LIMIT", 1]]
  ↳ app/controllers/users_controller.rb:31:in `login'
Completed 200 OK in 265ms (Views: 0.2ms | ActiveRecord: 0.6ms | Allocations: 855)


Started POST "/login" for ::1 at 2023-04-20 12:45:46 +0300
Processing by UsersController#login as */*
  Parameters: {"username"=>"ryan", "email"=>"email@gmail.com", "password"=>"[FILTERED]", "user"=>{"email"=>"email@gmail.com", "username"=>"ryan"}}
  [1m[36mUser Load (8.2ms)[0m  [1m[34mSELECT "users".* FROM "users" WHERE (username = 'ryan' OR email = 'email@gmail.com') ORDER BY "users"."id" ASC LIMIT $1[0m  [["LIMIT", 1]]
  ↳ app/controllers/users_controller.rb:31:in `login'
Completed 200 OK in 338ms (Views: 0.4ms | ActiveRecord: 8.2ms | Allocations: 860)


Started POST "/login" for ::1 at 2023-04-20 12:46:46 +0300
Processing by UsersController#login as */*
  Parameters: {"username"=>"ryan", "email"=>"email@gmail.com", "password"=>"[FILTERED]", "user"=>{"email"=>"email@gmail.com", "username"=>"ryan"}}
  [1m[36mUser Load (0.4ms)[0m  [1m[34mSELECT "users".* FROM "users" WHERE (username = 'ryan' OR email = 'email@gmail.com') ORDER BY "users"."id" ASC LIMIT $1[0m  [["LIMIT", 1]]
  ↳ app/controllers/users_controller.rb:31:in `login'
Completed 200 OK in 231ms (Views: 0.2ms | ActiveRecord: 0.4ms | Allocations: 851)


Started POST "/users" for ::1 at 2023-04-20 12:47:14 +0300
Processing by UsersController#create as */*
  Parameters: {"username"=>"ryan", "email"=>"email@gmail.com", "password"=>"[FILTERED]", "user"=>{"email"=>"email@gmail.com", "username"=>"ryan"}}
  [1m[36mTRANSACTION (1.5ms)[0m  [1m[35mBEGIN[0m
  ↳ app/controllers/users_controller.rb:9:in `create'
  [1m[36mUser Exists? (1.5ms)[0m  [1m[34mSELECT 1 AS one FROM "users" WHERE "users"."email" = $1 LIMIT $2[0m  [["email", "email@gmail.com"], ["LIMIT", 1]]
  ↳ app/controllers/users_controller.rb:9:in `create'
  [1m[36mTRANSACTION (2.9ms)[0m  [1m[31mROLLBACK[0m
  ↳ app/controllers/users_controller.rb:9:in `create'
  [1m[36mUser Exists? (0.7ms)[0m  [1m[34mSELECT 1 AS one FROM "users" WHERE "users"."email" = $1 LIMIT $2[0m  [["email", "email@gmail.com"], ["LIMIT", 1]]
  ↳ app/controllers/users_controller.rb:10:in `create'
Completed 200 OK in 84ms (Views: 0.3ms | ActiveRecord: 6.6ms | Allocations: 6502)


Started POST "/users" for ::1 at 2023-04-20 12:47:55 +0300
Processing by UsersController#create as */*
  Parameters: {"username"=>"ryanlangat", "email"=>"langatemail@gmail.com", "password"=>"[FILTERED]", "user"=>{"email"=>"langatemail@gmail.com", "username"=>"ryanlangat"}}
  [1m[36mTRANSACTION (0.5ms)[0m  [1m[35mBEGIN[0m
  ↳ app/controllers/users_controller.rb:9:in `create'
  [1m[36mUser Exists? (1.2ms)[0m  [1m[34mSELECT 1 AS one FROM "users" WHERE "users"."email" = $1 LIMIT $2[0m  [["email", "langatemail@gmail.com"], ["LIMIT", 1]]
  ↳ app/controllers/users_controller.rb:9:in `create'
  [1m[36mTRANSACTION (0.7ms)[0m  [1m[31mROLLBACK[0m
  ↳ app/controllers/users_controller.rb:9:in `create'
  [1m[36mUser Exists? (1.7ms)[0m  [1m[34mSELECT 1 AS one FROM "users" WHERE "users"."email" = $1 LIMIT $2[0m  [["email", "langatemail@gmail.com"], ["LIMIT", 1]]
  ↳ app/controllers/users_controller.rb:10:in `create'
Completed 200 OK in 27ms (Views: 0.8ms | ActiveRecord: 4.1ms | Allocations: 3082)


Started POST "/users" for ::1 at 2023-04-20 12:48:49 +0300
Processing by UsersController#create as */*
  Parameters: {"username"=>"ryanlangat", "email"=>"langatemail@gmail.com", "password"=>"[FILTERED]", "user"=>{"email"=>"langatemail@gmail.com", "username"=>"ryanlangat"}}
  [1m[36mTRANSACTION (1.0ms)[0m  [1m[35mBEGIN[0m
  ↳ app/controllers/users_controller.rb:9:in `create'
  [1m[36mUser Exists? (0.7ms)[0m  [1m[34mSELECT 1 AS one FROM "users" WHERE "users"."email" = $1 LIMIT $2[0m  [["email", "langatemail@gmail.com"], ["LIMIT", 1]]
  ↳ app/controllers/users_controller.rb:9:in `create'
  [1m[36mTRANSACTION (0.3ms)[0m  [1m[31mROLLBACK[0m
  ↳ app/controllers/users_controller.rb:9:in `create'
  [1m[36mUser Exists? (0.4ms)[0m  [1m[34mSELECT 1 AS one FROM "users" WHERE "users"."email" = $1 LIMIT $2[0m  [["email", "langatemail@gmail.com"], ["LIMIT", 1]]
  ↳ app/controllers/users_controller.rb:10:in `create'
Completed 200 OK in 18ms (Views: 0.3ms | ActiveRecord: 7.1ms | Allocations: 4947)


Started POST "/users" for ::1 at 2023-04-20 12:48:51 +0300
Processing by UsersController#create as */*
  Parameters: {"username"=>"ryanlangat", "email"=>"langatemail@gmail.com", "password"=>"[FILTERED]", "user"=>{"email"=>"langatemail@gmail.com", "username"=>"ryanlangat"}}
  [1m[36mTRANSACTION (0.3ms)[0m  [1m[35mBEGIN[0m
  ↳ app/controllers/users_controller.rb:9:in `create'
  [1m[36mUser Exists? (0.5ms)[0m  [1m[34mSELECT 1 AS one FROM "users" WHERE "users"."email" = $1 LIMIT $2[0m  [["email", "langatemail@gmail.com"], ["LIMIT", 1]]
  ↳ app/controllers/users_controller.rb:9:in `create'
  [1m[36mTRANSACTION (0.3ms)[0m  [1m[31mROLLBACK[0m
  ↳ app/controllers/users_controller.rb:9:in `create'
  [1m[36mUser Exists? (0.8ms)[0m  [1m[34mSELECT 1 AS one FROM "users" WHERE "users"."email" = $1 LIMIT $2[0m  [["email", "langatemail@gmail.com"], ["LIMIT", 1]]
  ↳ app/controllers/users_controller.rb:10:in `create'
Completed 200 OK in 12ms (Views: 0.4ms | ActiveRecord: 1.9ms | Allocations: 3081)


Started POST "/users" for ::1 at 2023-04-20 12:48:52 +0300
Processing by UsersController#create as */*
  Parameters: {"username"=>"ryanlangat", "email"=>"langatemail@gmail.com", "password"=>"[FILTERED]", "user"=>{"email"=>"langatemail@gmail.com", "username"=>"ryanlangat"}}
  [1m[36mTRANSACTION (1.3ms)[0m  [1m[35mBEGIN[0m
  ↳ app/controllers/users_controller.rb:9:in `create'
  [1m[36mUser Exists? (0.6ms)[0m  [1m[34mSELECT 1 AS one FROM "users" WHERE "users"."email" = $1 LIMIT $2[0m  [["email", "langatemail@gmail.com"], ["LIMIT", 1]]
  ↳ app/controllers/users_controller.rb:9:in `create'
  [1m[36mTRANSACTION (0.3ms)[0m  [1m[31mROLLBACK[0m
  ↳ app/controllers/users_controller.rb:9:in `create'
  [1m[36mUser Exists? (0.9ms)[0m  [1m[34mSELECT 1 AS one FROM "users" WHERE "users"."email" = $1 LIMIT $2[0m  [["email", "langatemail@gmail.com"], ["LIMIT", 1]]
  ↳ app/controllers/users_controller.rb:10:in `create'
Completed 200 OK in 14ms (Views: 0.3ms | ActiveRecord: 3.2ms | Allocations: 3081)


Started POST "/users" for ::1 at 2023-04-20 12:48:53 +0300
Processing by UsersController#create as */*
  Parameters: {"username"=>"ryanlangat", "email"=>"langatemail@gmail.com", "password"=>"[FILTERED]", "user"=>{"email"=>"langatemail@gmail.com", "username"=>"ryanlangat"}}
  [1m[36mTRANSACTION (0.3ms)[0m  [1m[35mBEGIN[0m
  ↳ app/controllers/users_controller.rb:9:in `create'
  [1m[36mUser Exists? (0.7ms)[0m  [1m[34mSELECT 1 AS one FROM "users" WHERE "users"."email" = $1 LIMIT $2[0m  [["email", "langatemail@gmail.com"], ["LIMIT", 1]]
  ↳ app/controllers/users_controller.rb:9:in `create'
  [1m[36mTRANSACTION (0.3ms)[0m  [1m[31mROLLBACK[0m
  ↳ app/controllers/users_controller.rb:9:in `create'
  [1m[36mUser Exists? (0.6ms)[0m  [1m[34mSELECT 1 AS one FROM "users" WHERE "users"."email" = $1 LIMIT $2[0m  [["email", "langatemail@gmail.com"], ["LIMIT", 1]]
  ↳ app/controllers/users_controller.rb:10:in `create'
Completed 200 OK in 12ms (Views: 0.3ms | ActiveRecord: 1.9ms | Allocations: 3079)


Started POST "/users" for ::1 at 2023-04-20 12:48:53 +0300
Processing by UsersController#create as */*
  Parameters: {"username"=>"ryanlangat", "email"=>"langatemail@gmail.com", "password"=>"[FILTERED]", "user"=>{"email"=>"langatemail@gmail.com", "username"=>"ryanlangat"}}
  [1m[36mTRANSACTION (0.3ms)[0m  [1m[35mBEGIN[0m
  ↳ app/controllers/users_controller.rb:9:in `create'
  [1m[36mUser Exists? (0.6ms)[0m  [1m[34mSELECT 1 AS one FROM "users" WHERE "users"."email" = $1 LIMIT $2[0m  [["email", "langatemail@gmail.com"], ["LIMIT", 1]]
  ↳ app/controllers/users_controller.rb:9:in `create'
  [1m[36mTRANSACTION (0.2ms)[0m  [1m[31mROLLBACK[0m
  ↳ app/controllers/users_controller.rb:9:in `create'
  [1m[36mUser Exists? (0.5ms)[0m  [1m[34mSELECT 1 AS one FROM "users" WHERE "users"."email" = $1 LIMIT $2[0m  [["email", "langatemail@gmail.com"], ["LIMIT", 1]]
  ↳ app/controllers/users_controller.rb:10:in `create'
Completed 200 OK in 14ms (Views: 0.3ms | ActiveRecord: 1.7ms | Allocations: 3079)


Started POST "/users" for ::1 at 2023-04-20 12:48:53 +0300
Processing by UsersController#create as */*
  Parameters: {"username"=>"ryanlangat", "email"=>"langatemail@gmail.com", "password"=>"[FILTERED]", "user"=>{"email"=>"langatemail@gmail.com", "username"=>"ryanlangat"}}
  [1m[36mTRANSACTION (0.2ms)[0m  [1m[35mBEGIN[0m
  ↳ app/controllers/users_controller.rb:9:in `create'
  [1m[36mUser Exists? (1.2ms)[0m  [1m[34mSELECT 1 AS one FROM "users" WHERE "users"."email" = $1 LIMIT $2[0m  [["email", "langatemail@gmail.com"], ["LIMIT", 1]]
  ↳ app/controllers/users_controller.rb:9:in `create'
  [1m[36mTRANSACTION (0.4ms)[0m  [1m[31mROLLBACK[0m
  ↳ app/controllers/users_controller.rb:9:in `create'
  [1m[36mUser Exists? (0.5ms)[0m  [1m[34mSELECT 1 AS one FROM "users" WHERE "users"."email" = $1 LIMIT $2[0m  [["email", "langatemail@gmail.com"], ["LIMIT", 1]]
  ↳ app/controllers/users_controller.rb:10:in `create'
Completed 200 OK in 12ms (Views: 0.3ms | ActiveRecord: 2.2ms | Allocations: 3079)


Started POST "/users" for ::1 at 2023-04-20 12:48:55 +0300
Processing by UsersController#create as */*
  Parameters: {"username"=>"ryanlangat", "email"=>"langatemail@gmail.com", "password"=>"[FILTERED]", "user"=>{"email"=>"langatemail@gmail.com", "username"=>"ryanlangat"}}
  [1m[36mTRANSACTION (0.4ms)[0m  [1m[35mBEGIN[0m
  ↳ app/controllers/users_controller.rb:9:in `create'
  [1m[36mUser Exists? (1.1ms)[0m  [1m[34mSELECT 1 AS one FROM "users" WHERE "users"."email" = $1 LIMIT $2[0m  [["email", "langatemail@gmail.com"], ["LIMIT", 1]]
  ↳ app/controllers/users_controller.rb:9:in `create'
  [1m[36mTRANSACTION (0.3ms)[0m  [1m[31mROLLBACK[0m
  ↳ app/controllers/users_controller.rb:9:in `create'
  [1m[36mUser Exists? (0.6ms)[0m  [1m[34mSELECT 1 AS one FROM "users" WHERE "users"."email" = $1 LIMIT $2[0m  [["email", "langatemail@gmail.com"], ["LIMIT", 1]]
  ↳ app/controllers/users_controller.rb:10:in `create'
Completed 200 OK in 14ms (Views: 0.4ms | ActiveRecord: 2.4ms | Allocations: 3079)


Started POST "/users" for ::1 at 2023-04-20 12:49:45 +0300
Processing by UsersController#create as */*
  Parameters: {"username"=>"willlangat", "email"=>"langat@gmail.com", "password"=>"[FILTERED]", "user"=>{"email"=>"langat@gmail.com", "username"=>"willlangat"}}
  [1m[36mTRANSACTION (0.3ms)[0m  [1m[35mBEGIN[0m
  ↳ app/controllers/users_controller.rb:9:in `create'
  [1m[36mUser Exists? (6.6ms)[0m  [1m[34mSELECT 1 AS one FROM "users" WHERE "users"."email" = $1 LIMIT $2[0m  [["email", "langat@gmail.com"], ["LIMIT", 1]]
  ↳ app/controllers/users_controller.rb:9:in `create'
  [1m[36mTRANSACTION (0.3ms)[0m  [1m[31mROLLBACK[0m
  ↳ app/controllers/users_controller.rb:9:in `create'
  [1m[36mUser Exists? (0.5ms)[0m  [1m[34mSELECT 1 AS one FROM "users" WHERE "users"."email" = $1 LIMIT $2[0m  [["email", "langat@gmail.com"], ["LIMIT", 1]]
  ↳ app/controllers/users_controller.rb:10:in `create'
Completed 200 OK in 23ms (Views: 0.3ms | ActiveRecord: 7.7ms | Allocations: 3115)


Started POST "/users" for ::1 at 2023-04-20 12:56:02 +0300
Processing by UsersController#create as */*
  Parameters: {"username"=>"willlangat", "email"=>"langat@gmail.com", "password_digest"=>"[FILTERED]", "user"=>{"email"=>"langat@gmail.com", "username"=>"willlangat", "password_digest"=>"[FILTERED]"}}
[31mUnpermitted parameter: :password_digest. Context: { controller: UsersController, action: create, request: #<ActionDispatch::Request:0x00007f087c7fc430>, params: {"username"=>"willlangat", "email"=>"langat@gmail.com", "password_digest"=>"[FILTERED]", "controller"=>"users", "action"=>"create", "user"=>{"email"=>"langat@gmail.com", "username"=>"willlangat", "password_digest"=>"[FILTERED]"}} }[0m
  [1m[36mTRANSACTION (1.2ms)[0m  [1m[35mBEGIN[0m
  ↳ app/controllers/users_controller.rb:9:in `create'
  [1m[36mUser Exists? (1.7ms)[0m  [1m[34mSELECT 1 AS one FROM "users" WHERE "users"."email" = $1 LIMIT $2[0m  [["email", "langat@gmail.com"], ["LIMIT", 1]]
  ↳ app/controllers/users_controller.rb:9:in `create'
  [1m[36mTRANSACTION (0.4ms)[0m  [1m[31mROLLBACK[0m
  ↳ app/controllers/users_controller.rb:9:in `create'
  [1m[36mUser Exists? (1.8ms)[0m  [1m[34mSELECT 1 AS one FROM "users" WHERE "users"."email" = $1 LIMIT $2[0m  [["email", "langat@gmail.com"], ["LIMIT", 1]]
  ↳ app/controllers/users_controller.rb:10:in `create'
Completed 200 OK in 116ms (Views: 1.4ms | ActiveRecord: 36.0ms | Allocations: 6122)


Started POST "/users" for ::1 at 2023-04-20 12:56:21 +0300
Processing by UsersController#create as */*
  Parameters: {"username"=>"willlangat", "email"=>"langat@gmail.com", "password_digest"=>"[FILTERED]", "user"=>{"email"=>"langat@gmail.com", "username"=>"willlangat", "password_digest"=>"[FILTERED]"}}
  [1m[36mTRANSACTION (2.1ms)[0m  [1m[35mBEGIN[0m
  ↳ app/controllers/users_controller.rb:9:in `create'
  [1m[36mUser Exists? (1.5ms)[0m  [1m[34mSELECT 1 AS one FROM "users" WHERE "users"."email" = $1 LIMIT $2[0m  [["email", "langat@gmail.com"], ["LIMIT", 1]]
  ↳ app/controllers/users_controller.rb:9:in `create'
  [1m[36mTRANSACTION (0.6ms)[0m  [1m[31mROLLBACK[0m
  ↳ app/controllers/users_controller.rb:9:in `create'
  [1m[36mUser Exists? (2.5ms)[0m  [1m[34mSELECT 1 AS one FROM "users" WHERE "users"."email" = $1 LIMIT $2[0m  [["email", "langat@gmail.com"], ["LIMIT", 1]]
  ↳ app/controllers/users_controller.rb:10:in `create'
Completed 200 OK in 62ms (Views: 0.6ms | ActiveRecord: 29.1ms | Allocations: 4921)


Started POST "/users" for ::1 at 2023-04-20 12:56:50 +0300
Processing by UsersController#create as */*
  Parameters: {"username"=>"wjrjhnwroivn", "email"=>"las;dvje;ov@gmail.com", "password_digest"=>"[FILTERED]", "user"=>{"email"=>"las;dvje;ov@gmail.com", "username"=>"wjrjhnwroivn", "password_digest"=>"[FILTERED]"}}
  [1m[36mTRANSACTION (0.2ms)[0m  [1m[35mBEGIN[0m
  ↳ app/controllers/users_controller.rb:9:in `create'
  [1m[36mUser Exists? (0.6ms)[0m  [1m[34mSELECT 1 AS one FROM "users" WHERE "users"."email" = $1 LIMIT $2[0m  [["email", "las;dvje;ov@gmail.com"], ["LIMIT", 1]]
  ↳ app/controllers/users_controller.rb:9:in `create'
  [1m[36mTRANSACTION (0.4ms)[0m  [1m[31mROLLBACK[0m
  ↳ app/controllers/users_controller.rb:9:in `create'
  [1m[36mUser Exists? (1.5ms)[0m  [1m[34mSELECT 1 AS one FROM "users" WHERE "users"."email" = $1 LIMIT $2[0m  [["email", "las;dvje;ov@gmail.com"], ["LIMIT", 1]]
  ↳ app/controllers/users_controller.rb:10:in `create'
Completed 200 OK in 15ms (Views: 0.5ms | ActiveRecord: 2.8ms | Allocations: 3025)


Started POST "/users" for ::1 at 2023-04-20 12:57:36 +0300
Processing by UsersController#create as */*
  Parameters: {"username"=>"wjrjhnwroivn", "email"=>"las;dvje;ov@gmail.com", "password_digest"=>"[FILTERED]", "user"=>{"email"=>"las;dvje;ov@gmail.com", "username"=>"wjrjhnwroivn", "password_digest"=>"[FILTERED]"}}
  [1m[36mTRANSACTION (0.6ms)[0m  [1m[35mBEGIN[0m
  ↳ app/controllers/users_controller.rb:11:in `create'
  [1m[36mUser Exists? (0.9ms)[0m  [1m[34mSELECT 1 AS one FROM "users" WHERE "users"."email" = $1 LIMIT $2[0m  [["email", "las;dvje;ov@gmail.com"], ["LIMIT", 1]]
  ↳ app/controllers/users_controller.rb:11:in `create'
  [1m[36mTRANSACTION (0.6ms)[0m  [1m[31mROLLBACK[0m
  ↳ app/controllers/users_controller.rb:11:in `create'
  [1m[36mUser Exists? (1.7ms)[0m  [1m[34mSELECT 1 AS one FROM "users" WHERE "users"."email" = $1 LIMIT $2[0m  [["email", "las;dvje;ov@gmail.com"], ["LIMIT", 1]]
  ↳ app/controllers/users_controller.rb:12:in `create'
Completed 200 OK in 34ms (Views: 0.7ms | ActiveRecord: 9.4ms | Allocations: 4907)


Started POST "/users" for ::1 at 2023-04-20 12:58:01 +0300
Processing by UsersController#create as */*
  Parameters: {"username"=>"wjrjhnwroivn", "email"=>"las;dvje;ov@gmail.com", "password_digest"=>"[FILTERED]", "user"=>{"email"=>"las;dvje;ov@gmail.com", "username"=>"wjrjhnwroivn", "password_digest"=>"[FILTERED]"}}
  [1m[36mTRANSACTION (0.3ms)[0m  [1m[35mBEGIN[0m
  ↳ app/controllers/users_controller.rb:11:in `create'
  [1m[36mUser Exists? (0.6ms)[0m  [1m[34mSELECT 1 AS one FROM "users" WHERE "users"."email" = $1 LIMIT $2[0m  [["email", "las;dvje;ov@gmail.com"], ["LIMIT", 1]]
  ↳ app/controllers/users_controller.rb:11:in `create'
  [1m[36mTRANSACTION (0.6ms)[0m  [1m[31mROLLBACK[0m
  ↳ app/controllers/users_controller.rb:11:in `create'
  [1m[36mUser Exists? (0.5ms)[0m  [1m[34mSELECT 1 AS one FROM "users" WHERE "users"."email" = $1 LIMIT $2[0m  [["email", "las;dvje;ov@gmail.com"], ["LIMIT", 1]]
  ↳ app/controllers/users_controller.rb:12:in `create'
Completed 200 OK in 13ms (Views: 0.3ms | ActiveRecord: 2.0ms | Allocations: 3026)


Started POST "/users" for ::1 at 2023-04-20 12:59:04 +0300
  [1m[36mActiveRecord::SchemaMigration Pluck (1.2ms)[0m  [1m[34mSELECT "schema_migrations"."version" FROM "schema_migrations" ORDER BY "schema_migrations"."version" ASC[0m
Processing by UsersController#create as */*
  Parameters: {"username"=>"wjrjhnwroivn", "email"=>"las;dvje;ov@gmail.com", "password_digest"=>"[FILTERED]", "user"=>{"email"=>"las;dvje;ov@gmail.com", "username"=>"wjrjhnwroivn", "password_digest"=>"[FILTERED]"}}
  [1m[36mUser Exists? (0.9ms)[0m  [1m[34mSELECT 1 AS one FROM "users" WHERE "users"."email" = $1 LIMIT $2[0m  [["email", "las;dvje;ov@gmail.com"], ["LIMIT", 1]]
  ↳ app/controllers/users_controller.rb:12:in `create'
Completed 200 OK in 76ms (Views: 0.3ms | ActiveRecord: 5.0ms | Allocations: 21665)


Started POST "/users" for ::1 at 2023-04-20 12:59:45 +0300
Processing by UsersController#create as */*
  Parameters: {"username"=>"wjrjhnwroivn", "email"=>"las;dvje;ov@gmail.com", "password"=>"[FILTERED]", "user"=>{"email"=>"las;dvje;ov@gmail.com", "username"=>"wjrjhnwroivn"}}
  [1m[36mUser Exists? (0.5ms)[0m  [1m[34mSELECT 1 AS one FROM "users" WHERE "users"."email" = $1 LIMIT $2[0m  [["email", "las;dvje;ov@gmail.com"], ["LIMIT", 1]]
  ↳ app/controllers/users_controller.rb:12:in `create'
Completed 200 OK in 13ms (Views: 0.3ms | ActiveRecord: 4.9ms | Allocations: 3200)


Started POST "/users" for ::1 at 2023-04-20 13:00:34 +0300
Processing by UsersController#create as */*
  Parameters: {"username"=>"wjrjhnwroivn", "email"=>"las;dvje;ov@gmail.com", "password"=>"[FILTERED]", "user"=>{"email"=>"las;dvje;ov@gmail.com", "username"=>"wjrjhnwroivn"}}
  [1m[36mUser Exists? (1.2ms)[0m  [1m[34mSELECT 1 AS one FROM "users" WHERE "users"."email" = $1 LIMIT $2[0m  [["email", "las;dvje;ov@gmail.com"], ["LIMIT", 1]]
  ↳ app/controllers/users_controller.rb:12:in `create'
Completed 200 OK in 13ms (Views: 0.5ms | ActiveRecord: 1.2ms | Allocations: 1292)


Started POST "/users" for ::1 at 2023-04-20 13:01:16 +0300
Processing by UsersController#create as */*
  Parameters: {"username"=>"wjrjhnwroivn", "email"=>"las;dvje;ov@gmail.com", "password"=>"[FILTERED]", "user"=>{"email"=>"las;dvje;ov@gmail.com", "username"=>"wjrjhnwroivn"}}
  [1m[36mUser Exists? (0.4ms)[0m  [1m[34mSELECT 1 AS one FROM "users" WHERE "users"."email" = $1 LIMIT $2[0m  [["email", "las;dvje;ov@gmail.com"], ["LIMIT", 1]]
  ↳ app/controllers/users_controller.rb:12:in `create'
Completed 200 OK in 5ms (Views: 0.2ms | ActiveRecord: 0.4ms | Allocations: 1291)


Started POST "/users" for ::1 at 2023-04-20 13:01:16 +0300
Processing by UsersController#create as */*
  Parameters: {"username"=>"wjrjhnwroivn", "email"=>"las;dvje;ov@gmail.com", "password"=>"[FILTERED]", "user"=>{"email"=>"las;dvje;ov@gmail.com", "username"=>"wjrjhnwroivn"}}
  [1m[36mUser Exists? (0.5ms)[0m  [1m[34mSELECT 1 AS one FROM "users" WHERE "users"."email" = $1 LIMIT $2[0m  [["email", "las;dvje;ov@gmail.com"], ["LIMIT", 1]]
  ↳ app/controllers/users_controller.rb:12:in `create'
Completed 200 OK in 5ms (Views: 0.2ms | ActiveRecord: 0.5ms | Allocations: 1291)


Started POST "/users" for ::1 at 2023-04-20 13:01:17 +0300
Processing by UsersController#create as */*
  Parameters: {"username"=>"wjrjhnwroivn", "email"=>"las;dvje;ov@gmail.com", "password"=>"[FILTERED]", "user"=>{"email"=>"las;dvje;ov@gmail.com", "username"=>"wjrjhnwroivn"}}
  [1m[36mUser Exists? (0.9ms)[0m  [1m[34mSELECT 1 AS one FROM "users" WHERE "users"."email" = $1 LIMIT $2[0m  [["email", "las;dvje;ov@gmail.com"], ["LIMIT", 1]]
  ↳ app/controllers/users_controller.rb:12:in `create'
Completed 200 OK in 5ms (Views: 0.1ms | ActiveRecord: 0.9ms | Allocations: 1274)


Started POST "/users" for ::1 at 2023-04-20 13:01:17 +0300
Processing by UsersController#create as */*
  Parameters: {"username"=>"wjrjhnwroivn", "email"=>"las;dvje;ov@gmail.com", "password"=>"[FILTERED]", "user"=>{"email"=>"las;dvje;ov@gmail.com", "username"=>"wjrjhnwroivn"}}
  [1m[36mUser Exists? (1.1ms)[0m  [1m[34mSELECT 1 AS one FROM "users" WHERE "users"."email" = $1 LIMIT $2[0m  [["email", "las;dvje;ov@gmail.com"], ["LIMIT", 1]]
  ↳ app/controllers/users_controller.rb:12:in `create'
Completed 200 OK in 5ms (Views: 0.2ms | ActiveRecord: 1.1ms | Allocations: 1274)


Started POST "/users" for ::1 at 2023-04-20 13:01:17 +0300
Processing by UsersController#create as */*
  Parameters: {"username"=>"wjrjhnwroivn", "email"=>"las;dvje;ov@gmail.com", "password"=>"[FILTERED]", "user"=>{"email"=>"las;dvje;ov@gmail.com", "username"=>"wjrjhnwroivn"}}
  [1m[36mUser Exists? (0.3ms)[0m  [1m[34mSELECT 1 AS one FROM "users" WHERE "users"."email" = $1 LIMIT $2[0m  [["email", "las;dvje;ov@gmail.com"], ["LIMIT", 1]]
  ↳ app/controllers/users_controller.rb:12:in `create'
Completed 200 OK in 7ms (Views: 0.2ms | ActiveRecord: 0.3ms | Allocations: 1274)


Started POST "/users" for ::1 at 2023-04-20 13:03:03 +0300
Processing by UsersController#create as */*
  Parameters: {"username"=>"wjrjhnwroivn", "email"=>"las;dvje;ov@gmail.com", "password"=>"[FILTERED]", "user"=>{"email"=>"las;dvje;ov@gmail.com", "username"=>"wjrjhnwroivn"}}
  [1m[36mTRANSACTION (0.3ms)[0m  [1m[35mBEGIN[0m
  ↳ app/controllers/users_controller.rb:11:in `create'
  [1m[36mUser Exists? (1.0ms)[0m  [1m[34mSELECT 1 AS one FROM "users" WHERE "users"."email" = $1 LIMIT $2[0m  [["email", "las;dvje;ov@gmail.com"], ["LIMIT", 1]]
  ↳ app/controllers/users_controller.rb:11:in `create'
  [1m[36mTRANSACTION (0.5ms)[0m  [1m[31mROLLBACK[0m
  ↳ app/controllers/users_controller.rb:11:in `create'
  [1m[36mUser Exists? (1.3ms)[0m  [1m[34mSELECT 1 AS one FROM "users" WHERE "users"."email" = $1 LIMIT $2[0m  [["email", "las;dvje;ov@gmail.com"], ["LIMIT", 1]]
  ↳ app/controllers/users_controller.rb:12:in `create'
Completed 200 OK in 27ms (Views: 0.7ms | ActiveRecord: 8.1ms | Allocations: 4952)


Started POST "/users" for ::1 at 2023-04-20 13:03:33 +0300
  
SyntaxError (/home/ryan/Development/code/mode_5/Ajali-App-Project/api/app/controllers/users_controller.rb:48: syntax error, unexpected `end', expecting end-of-input):
  
app/controllers/users_controller.rb:48: syntax error, unexpected `end', expecting end-of-input
app/controllers/users_controller.rb:48: syntax error, unexpected `end', expecting end-of-input
app/controllers/users_controller.rb:48: syntax error, unexpected `end', expecting end-of-input
Started POST "/users" for ::1 at 2023-04-20 13:05:49 +0300
Processing by UsersController#create as */*
  Parameters: {"username"=>"wjrjhnwroivn", "email"=>"las;dvje;ov@gmail.com", "password"=>"[FILTERED]", "user"=>{"email"=>"las;dvje;ov@gmail.com", "username"=>"wjrjhnwroivn"}}
  [1m[36mUser Exists? (0.6ms)[0m  [1m[34mSELECT 1 AS one FROM "users" WHERE "users"."email" = $1 LIMIT $2[0m  [["email", "las;dvje;ov@gmail.com"], ["LIMIT", 1]]
  ↳ app/controllers/users_controller.rb:12:in `create'
Completed 200 OK in 10ms (Views: 0.3ms | ActiveRecord: 7.4ms | Allocations: 3207)


Started POST "/users" for ::1 at 2023-04-20 13:06:25 +0300
Processing by UsersController#create as */*
  Parameters: {"username"=>"wjrjhnwroivn", "email"=>"las;dvje;ov@gmail.com", "password"=>"[FILTERED]", "user"=>{"email"=>"las;dvje;ov@gmail.com", "username"=>"wjrjhnwroivn"}}
  [1m[36mUser Exists? (0.5ms)[0m  [1m[34mSELECT 1 AS one FROM "users" WHERE "users"."email" = $1 LIMIT $2[0m  [["email", "las;dvje;ov@gmail.com"], ["LIMIT", 1]]
  ↳ app/controllers/users_controller.rb:12:in `create'
Completed 200 OK in 6ms (Views: 0.3ms | ActiveRecord: 0.5ms | Allocations: 1276)


Started POST "/users" for ::1 at 2023-04-20 13:08:02 +0300
Processing by UsersController#create as */*
  Parameters: {"username"=>"wjrjhnwroivn", "email"=>"las;dvje;ov@gmail.com", "password_digest"=>"[FILTERED]", "user"=>{"email"=>"las;dvje;ov@gmail.com", "username"=>"wjrjhnwroivn", "password_digest"=>"[FILTERED]"}}
  [1m[36mUser Exists? (0.4ms)[0m  [1m[34mSELECT 1 AS one FROM "users" WHERE "users"."email" = $1 LIMIT $2[0m  [["email", "las;dvje;ov@gmail.com"], ["LIMIT", 1]]
  ↳ app/controllers/users_controller.rb:12:in `create'
Completed 200 OK in 12ms (Views: 0.2ms | ActiveRecord: 4.7ms | Allocations: 3205)


Started POST "/users" for ::1 at 2023-04-20 13:09:21 +0300
Processing by UsersController#create as */*
  Parameters: {"username"=>"wjrjhnwroivn", "email"=>"las;dvje;ov@gmail.com", "password"=>"[FILTERED]", "user"=>{"email"=>"las;dvje;ov@gmail.com", "username"=>"wjrjhnwroivn"}}
  [1m[36mUser Exists? (0.5ms)[0m  [1m[34mSELECT 1 AS one FROM "users" WHERE "users"."email" = $1 LIMIT $2[0m  [["email", "las;dvje;ov@gmail.com"], ["LIMIT", 1]]
  ↳ app/controllers/users_controller.rb:12:in `create'
Completed 200 OK in 15ms (Views: 0.4ms | ActiveRecord: 5.7ms | Allocations: 3208)


Started POST "/users" for ::1 at 2023-04-20 13:10:00 +0300
Processing by UsersController#create as */*
  Parameters: {"username"=>"wjrjhnwroivn", "email"=>"las;dvje;ov@gmail.com", "password"=>"[FILTERED]", "user"=>{"email"=>"las;dvje;ov@gmail.com", "username"=>"wjrjhnwroivn"}}
  [1m[36mUser Exists? (0.4ms)[0m  [1m[34mSELECT 1 AS one FROM "users" WHERE "users"."email" = $1 LIMIT $2[0m  [["email", "las;dvje;ov@gmail.com"], ["LIMIT", 1]]
  ↳ app/controllers/users_controller.rb:12:in `create'
Completed 200 OK in 5ms (Views: 0.6ms | ActiveRecord: 0.4ms | Allocations: 1276)


Started POST "/users" for ::1 at 2023-04-20 13:10:02 +0300
Processing by UsersController#create as */*
  Parameters: {"username"=>"wjrjhnwroivn", "email"=>"las;dvje;ov@gmail.com", "password"=>"[FILTERED]", "user"=>{"email"=>"las;dvje;ov@gmail.com", "username"=>"wjrjhnwroivn"}}
  [1m[36mUser Exists? (0.5ms)[0m  [1m[34mSELECT 1 AS one FROM "users" WHERE "users"."email" = $1 LIMIT $2[0m  [["email", "las;dvje;ov@gmail.com"], ["LIMIT", 1]]
  ↳ app/controllers/users_controller.rb:12:in `create'
Completed 200 OK in 5ms (Views: 0.4ms | ActiveRecord: 0.5ms | Allocations: 1275)


Started POST "/users" for ::1 at 2023-04-20 13:10:02 +0300
Processing by UsersController#create as */*
  Parameters: {"username"=>"wjrjhnwroivn", "email"=>"las;dvje;ov@gmail.com", "password"=>"[FILTERED]", "user"=>{"email"=>"las;dvje;ov@gmail.com", "username"=>"wjrjhnwroivn"}}
  [1m[36mUser Exists? (0.8ms)[0m  [1m[34mSELECT 1 AS one FROM "users" WHERE "users"."email" = $1 LIMIT $2[0m  [["email", "las;dvje;ov@gmail.com"], ["LIMIT", 1]]
  ↳ app/controllers/users_controller.rb:12:in `create'
Completed 200 OK in 6ms (Views: 0.3ms | ActiveRecord: 0.8ms | Allocations: 1275)


Started POST "/users" for ::1 at 2023-04-20 13:10:02 +0300
Processing by UsersController#create as */*
  Parameters: {"username"=>"wjrjhnwroivn", "email"=>"las;dvje;ov@gmail.com", "password"=>"[FILTERED]", "user"=>{"email"=>"las;dvje;ov@gmail.com", "username"=>"wjrjhnwroivn"}}
  [1m[36mUser Exists? (0.5ms)[0m  [1m[34mSELECT 1 AS one FROM "users" WHERE "users"."email" = $1 LIMIT $2[0m  [["email", "las;dvje;ov@gmail.com"], ["LIMIT", 1]]
  ↳ app/controllers/users_controller.rb:12:in `create'
Completed 200 OK in 5ms (Views: 0.2ms | ActiveRecord: 0.5ms | Allocations: 1275)


Started POST "/users" for ::1 at 2023-04-20 13:10:03 +0300
Processing by UsersController#create as */*
  Parameters: {"username"=>"wjrjhnwroivn", "email"=>"las;dvje;ov@gmail.com", "password"=>"[FILTERED]", "user"=>{"email"=>"las;dvje;ov@gmail.com", "username"=>"wjrjhnwroivn"}}
  [1m[36mUser Exists? (0.6ms)[0m  [1m[34mSELECT 1 AS one FROM "users" WHERE "users"."email" = $1 LIMIT $2[0m  [["email", "las;dvje;ov@gmail.com"], ["LIMIT", 1]]
  ↳ app/controllers/users_controller.rb:12:in `create'
Completed 200 OK in 7ms (Views: 0.4ms | ActiveRecord: 0.6ms | Allocations: 1275)


Started POST "/users" for ::1 at 2023-04-20 13:10:03 +0300
Processing by UsersController#create as */*
  Parameters: {"username"=>"wjrjhnwroivn", "email"=>"las;dvje;ov@gmail.com", "password"=>"[FILTERED]", "user"=>{"email"=>"las;dvje;ov@gmail.com", "username"=>"wjrjhnwroivn"}}
  [1m[36mUser Exists? (0.4ms)[0m  [1m[34mSELECT 1 AS one FROM "users" WHERE "users"."email" = $1 LIMIT $2[0m  [["email", "las;dvje;ov@gmail.com"], ["LIMIT", 1]]
  ↳ app/controllers/users_controller.rb:12:in `create'
Completed 200 OK in 5ms (Views: 0.2ms | ActiveRecord: 0.4ms | Allocations: 1275)


Started POST "/users" for ::1 at 2023-04-20 13:10:03 +0300
Processing by UsersController#create as */*
  Parameters: {"username"=>"wjrjhnwroivn", "email"=>"las;dvje;ov@gmail.com", "password"=>"[FILTERED]", "user"=>{"email"=>"las;dvje;ov@gmail.com", "username"=>"wjrjhnwroivn"}}
  [1m[36mUser Exists? (0.8ms)[0m  [1m[34mSELECT 1 AS one FROM "users" WHERE "users"."email" = $1 LIMIT $2[0m  [["email", "las;dvje;ov@gmail.com"], ["LIMIT", 1]]
  ↳ app/controllers/users_controller.rb:12:in `create'
Completed 200 OK in 4ms (Views: 0.2ms | ActiveRecord: 0.8ms | Allocations: 1275)


Started POST "/users" for ::1 at 2023-04-20 13:10:03 +0300
Processing by UsersController#create as */*
  Parameters: {"username"=>"wjrjhnwroivn", "email"=>"las;dvje;ov@gmail.com", "password"=>"[FILTERED]", "user"=>{"email"=>"las;dvje;ov@gmail.com", "username"=>"wjrjhnwroivn"}}
  [1m[36mUser Exists? (0.4ms)[0m  [1m[34mSELECT 1 AS one FROM "users" WHERE "users"."email" = $1 LIMIT $2[0m  [["email", "las;dvje;ov@gmail.com"], ["LIMIT", 1]]
  ↳ app/controllers/users_controller.rb:12:in `create'
Completed 200 OK in 4ms (Views: 0.2ms | ActiveRecord: 0.4ms | Allocations: 1275)


Started POST "/users" for ::1 at 2023-04-20 13:10:03 +0300
Processing by UsersController#create as */*
  Parameters: {"username"=>"wjrjhnwroivn", "email"=>"las;dvje;ov@gmail.com", "password"=>"[FILTERED]", "user"=>{"email"=>"las;dvje;ov@gmail.com", "username"=>"wjrjhnwroivn"}}
  [1m[36mUser Exists? (0.5ms)[0m  [1m[34mSELECT 1 AS one FROM "users" WHERE "users"."email" = $1 LIMIT $2[0m  [["email", "las;dvje;ov@gmail.com"], ["LIMIT", 1]]
  ↳ app/controllers/users_controller.rb:12:in `create'
Completed 200 OK in 4ms (Views: 0.3ms | ActiveRecord: 0.5ms | Allocations: 1275)


Started POST "/users" for ::1 at 2023-04-20 13:10:04 +0300
Processing by UsersController#create as */*
  Parameters: {"username"=>"wjrjhnwroivn", "email"=>"las;dvje;ov@gmail.com", "password"=>"[FILTERED]", "user"=>{"email"=>"las;dvje;ov@gmail.com", "username"=>"wjrjhnwroivn"}}
  [1m[36mUser Exists? (1.1ms)[0m  [1m[34mSELECT 1 AS one FROM "users" WHERE "users"."email" = $1 LIMIT $2[0m  [["email", "las;dvje;ov@gmail.com"], ["LIMIT", 1]]
  ↳ app/controllers/users_controller.rb:12:in `create'
Completed 200 OK in 8ms (Views: 0.4ms | ActiveRecord: 1.1ms | Allocations: 1275)


Started POST "/users" for ::1 at 2023-04-20 13:10:04 +0300
Processing by UsersController#create as */*
  Parameters: {"username"=>"wjrjhnwroivn", "email"=>"las;dvje;ov@gmail.com", "password"=>"[FILTERED]", "user"=>{"email"=>"las;dvje;ov@gmail.com", "username"=>"wjrjhnwroivn"}}
  [1m[36mUser Exists? (1.4ms)[0m  [1m[34mSELECT 1 AS one FROM "users" WHERE "users"."email" = $1 LIMIT $2[0m  [["email", "las;dvje;ov@gmail.com"], ["LIMIT", 1]]
  ↳ app/controllers/users_controller.rb:12:in `create'
Completed 200 OK in 13ms (Views: 0.6ms | ActiveRecord: 1.4ms | Allocations: 1275)


Started POST "/users" for ::1 at 2023-04-20 13:10:04 +0300
Processing by UsersController#create as */*
  Parameters: {"username"=>"wjrjhnwroivn", "email"=>"las;dvje;ov@gmail.com", "password"=>"[FILTERED]", "user"=>{"email"=>"las;dvje;ov@gmail.com", "username"=>"wjrjhnwroivn"}}
  [1m[36mUser Exists? (0.5ms)[0m  [1m[34mSELECT 1 AS one FROM "users" WHERE "users"."email" = $1 LIMIT $2[0m  [["email", "las;dvje;ov@gmail.com"], ["LIMIT", 1]]
  ↳ app/controllers/users_controller.rb:12:in `create'
Completed 200 OK in 6ms (Views: 0.4ms | ActiveRecord: 0.5ms | Allocations: 1275)


Started POST "/users" for ::1 at 2023-04-20 13:10:05 +0300
Processing by UsersController#create as */*
  Parameters: {"username"=>"wjrjhnwroivn", "email"=>"las;dvje;ov@gmail.com", "password"=>"[FILTERED]", "user"=>{"email"=>"las;dvje;ov@gmail.com", "username"=>"wjrjhnwroivn"}}
  [1m[36mUser Exists? (0.4ms)[0m  [1m[34mSELECT 1 AS one FROM "users" WHERE "users"."email" = $1 LIMIT $2[0m  [["email", "las;dvje;ov@gmail.com"], ["LIMIT", 1]]
  ↳ app/controllers/users_controller.rb:12:in `create'
Completed 200 OK in 4ms (Views: 0.2ms | ActiveRecord: 0.4ms | Allocations: 1275)


Started GET "/users" for ::1 at 2023-04-20 13:10:09 +0300
Processing by UsersController#index as */*
  Parameters: {"username"=>"wjrjhnwroivn", "email"=>"las;dvje;ov@gmail.com", "password"=>"[FILTERED]", "user"=>{"email"=>"las;dvje;ov@gmail.com", "username"=>"wjrjhnwroivn"}}
Completed 200 OK in 13ms (Views: 0.2ms | ActiveRecord: 0.0ms | Allocations: 2377)


Started GET "/users" for ::1 at 2023-04-20 13:10:22 +0300
Processing by UsersController#index as */*
  Parameters: {"username"=>"wjrjhnwroivn", "email"=>"las;dvje;ov@gmail.com", "password"=>"[FILTERED]", "user"=>{"email"=>"las;dvje;ov@gmail.com", "username"=>"wjrjhnwroivn"}}
  [1m[36mUser Load (0.8ms)[0m  [1m[34mSELECT "users".* FROM "users"[0m
  ↳ app/controllers/users_controller.rb:7:in `index'
Completed 200 OK in 19ms (Views: 14.1ms | ActiveRecord: 6.9ms | Allocations: 5207)


Started GET "/users/2" for ::1 at 2023-04-20 13:10:30 +0300
Processing by UsersController#show as */*
  Parameters: {"username"=>"wjrjhnwroivn", "email"=>"las;dvje;ov@gmail.com", "password"=>"[FILTERED]", "id"=>"2", "user"=>{"email"=>"las;dvje;ov@gmail.com", "username"=>"wjrjhnwroivn"}}
  [1m[36mUser Load (1.1ms)[0m  [1m[34mSELECT "users".* FROM "users" WHERE "users"."id" = $1 LIMIT $2[0m  [["id", 2], ["LIMIT", 1]]
  ↳ app/controllers/users_controller.rb:22:in `show'
Completed 200 OK in 21ms (Views: 0.6ms | ActiveRecord: 2.1ms | Allocations: 1194)


Started GET "/users/5" for ::1 at 2023-04-20 13:10:33 +0300
Processing by UsersController#show as */*
  Parameters: {"username"=>"wjrjhnwroivn", "email"=>"las;dvje;ov@gmail.com", "password"=>"[FILTERED]", "id"=>"5", "user"=>{"email"=>"las;dvje;ov@gmail.com", "username"=>"wjrjhnwroivn"}}
  [1m[36mUser Load (0.5ms)[0m  [1m[34mSELECT "users".* FROM "users" WHERE "users"."id" = $1 LIMIT $2[0m  [["id", 5], ["LIMIT", 1]]
  ↳ app/controllers/users_controller.rb:22:in `show'
Completed 200 OK in 4ms (Views: 0.4ms | ActiveRecord: 0.5ms | Allocations: 627)


Started GET "/users/7" for ::1 at 2023-04-20 13:10:35 +0300
Processing by UsersController#show as */*
  Parameters: {"username"=>"wjrjhnwroivn", "email"=>"las;dvje;ov@gmail.com", "password"=>"[FILTERED]", "id"=>"7", "user"=>{"email"=>"las;dvje;ov@gmail.com", "username"=>"wjrjhnwroivn"}}
  [1m[36mUser Load (0.4ms)[0m  [1m[34mSELECT "users".* FROM "users" WHERE "users"."id" = $1 LIMIT $2[0m  [["id", 7], ["LIMIT", 1]]
  ↳ app/controllers/users_controller.rb:22:in `show'
Completed 200 OK in 3ms (Views: 0.7ms | ActiveRecord: 0.4ms | Allocations: 628)


Started GET "/users/12" for ::1 at 2023-04-20 13:10:41 +0300
Processing by UsersController#show as */*
  Parameters: {"username"=>"wjrjhnwroivn", "email"=>"las;dvje;ov@gmail.com", "password"=>"[FILTERED]", "id"=>"12", "user"=>{"email"=>"las;dvje;ov@gmail.com", "username"=>"wjrjhnwroivn"}}
  [1m[36mUser Load (0.6ms)[0m  [1m[34mSELECT "users".* FROM "users" WHERE "users"."id" = $1 LIMIT $2[0m  [["id", 12], ["LIMIT", 1]]
  ↳ app/controllers/users_controller.rb:22:in `show'
Completed 200 OK in 3ms (Views: 0.5ms | ActiveRecord: 0.6ms | Allocations: 627)


Started GET "/users/21" for ::1 at 2023-04-20 13:10:43 +0300
Processing by UsersController#show as */*
  Parameters: {"username"=>"wjrjhnwroivn", "email"=>"las;dvje;ov@gmail.com", "password"=>"[FILTERED]", "id"=>"21", "user"=>{"email"=>"las;dvje;ov@gmail.com", "username"=>"wjrjhnwroivn"}}
  [1m[36mUser Load (0.4ms)[0m  [1m[34mSELECT "users".* FROM "users" WHERE "users"."id" = $1 LIMIT $2[0m  [["id", 21], ["LIMIT", 1]]
  ↳ app/controllers/users_controller.rb:22:in `show'
Completed 200 OK in 3ms (Views: 0.4ms | ActiveRecord: 0.4ms | Allocations: 627)


Started GET "/users" for ::1 at 2023-04-20 13:10:49 +0300
Processing by UsersController#index as */*
  Parameters: {"username"=>"wjrjhnwroivn", "email"=>"las;dvje;ov@gmail.com", "password"=>"[FILTERED]", "user"=>{"email"=>"las;dvje;ov@gmail.com", "username"=>"wjrjhnwroivn"}}
  [1m[36mUser Load (0.6ms)[0m  [1m[34mSELECT "users".* FROM "users"[0m
  ↳ app/controllers/users_controller.rb:7:in `index'
Completed 200 OK in 8ms (Views: 7.0ms | ActiveRecord: 0.6ms | Allocations: 3524)


Started GET "/users" for ::1 at 2023-04-20 13:11:28 +0300
Processing by UsersController#index as */*
  Parameters: {"username"=>"wjrjhnwroivn", "email"=>"las;dvje;ov@gmail.com", "password"=>"[FILTERED]", "user"=>{"email"=>"las;dvje;ov@gmail.com", "username"=>"wjrjhnwroivn"}}
Completed 200 OK in 5ms (Views: 0.2ms | ActiveRecord: 2.0ms | Allocations: 2506)


Started GET "/users" for ::1 at 2023-04-20 13:11:43 +0300
Processing by UsersController#index as */*
  Parameters: {"username"=>"wjrjhnwroivn", "email"=>"las;dvje;ov@gmail.com", "password"=>"[FILTERED]", "user"=>{"email"=>"las;dvje;ov@gmail.com", "username"=>"wjrjhnwroivn"}}
  [1m[36mUser Load (0.3ms)[0m  [1m[34mSELECT "users".* FROM "users"[0m
  ↳ app/controllers/users_controller.rb:7:in `index'
Completed 200 OK in 13ms (Views: 10.4ms | ActiveRecord: 3.3ms | Allocations: 5142)


Started POST "/users" for ::1 at 2023-04-20 13:20:54 +0300
  
AbstractController::ActionNotFound (The action 'create' could not be found for UsersController):
  
actionpack (7.0.4.3) lib/abstract_controller/base.rb:146:in `process'
actionview (7.0.4.3) lib/action_view/rendering.rb:39:in `process'
actionpack (7.0.4.3) lib/action_controller/metal.rb:188:in `dispatch'
actionpack (7.0.4.3) lib/action_controller/metal.rb:251:in `dispatch'
actionpack (7.0.4.3) lib/action_dispatch/routing/route_set.rb:49:in `dispatch'
actionpack (7.0.4.3) lib/action_dispatch/routing/route_set.rb:32:in `serve'
actionpack (7.0.4.3) lib/action_dispatch/journey/router.rb:50:in `block in serve'
actionpack (7.0.4.3) lib/action_dispatch/journey/router.rb:32:in `each'
actionpack (7.0.4.3) lib/action_dispatch/journey/router.rb:32:in `serve'
actionpack (7.0.4.3) lib/action_dispatch/routing/route_set.rb:852:in `call'
rack (2.2.6.4) lib/rack/tempfile_reaper.rb:15:in `call'
rack (2.2.6.4) lib/rack/etag.rb:27:in `call'
rack (2.2.6.4) lib/rack/conditional_get.rb:40:in `call'
rack (2.2.6.4) lib/rack/head.rb:12:in `call'
actionpack (7.0.4.3) lib/action_dispatch/http/permissions_policy.rb:38:in `call'
actionpack (7.0.4.3) lib/action_dispatch/http/content_security_policy.rb:36:in `call'
rack (2.2.6.4) lib/rack/session/abstract/id.rb:266:in `context'
rack (2.2.6.4) lib/rack/session/abstract/id.rb:260:in `call'
actionpack (7.0.4.3) lib/action_dispatch/middleware/cookies.rb:704:in `call'
activerecord (7.0.4.3) lib/active_record/migration.rb:603:in `call'
actionpack (7.0.4.3) lib/action_dispatch/middleware/callbacks.rb:27:in `block in call'
activesupport (7.0.4.3) lib/active_support/callbacks.rb:99:in `run_callbacks'
actionpack (7.0.4.3) lib/action_dispatch/middleware/callbacks.rb:26:in `call'
actionpack (7.0.4.3) lib/action_dispatch/middleware/executor.rb:14:in `call'
actionpack (7.0.4.3) lib/action_dispatch/middleware/actionable_exceptions.rb:17:in `call'
actionpack (7.0.4.3) lib/action_dispatch/middleware/debug_exceptions.rb:28:in `call'
web-console (4.2.0) lib/web_console/middleware.rb:132:in `call_app'
web-console (4.2.0) lib/web_console/middleware.rb:28:in `block in call'
web-console (4.2.0) lib/web_console/middleware.rb:17:in `catch'
web-console (4.2.0) lib/web_console/middleware.rb:17:in `call'
actionpack (7.0.4.3) lib/action_dispatch/middleware/show_exceptions.rb:26:in `call'
railties (7.0.4.3) lib/rails/rack/logger.rb:40:in `call_app'
railties (7.0.4.3) lib/rails/rack/logger.rb:25:in `block in call'
activesupport (7.0.4.3) lib/active_support/tagged_logging.rb:99:in `block in tagged'
activesupport (7.0.4.3) lib/active_support/tagged_logging.rb:37:in `tagged'
activesupport (7.0.4.3) lib/active_support/tagged_logging.rb:99:in `tagged'
railties (7.0.4.3) lib/rails/rack/logger.rb:25:in `call'
sprockets-rails (3.4.2) lib/sprockets/rails/quiet_assets.rb:13:in `call'
actionpack (7.0.4.3) lib/action_dispatch/middleware/remote_ip.rb:93:in `call'
actionpack (7.0.4.3) lib/action_dispatch/middleware/request_id.rb:26:in `call'
rack (2.2.6.4) lib/rack/method_override.rb:24:in `call'
rack (2.2.6.4) lib/rack/runtime.rb:22:in `call'
activesupport (7.0.4.3) lib/active_support/cache/strategy/local_cache_middleware.rb:29:in `call'
actionpack (7.0.4.3) lib/action_dispatch/middleware/server_timing.rb:61:in `block in call'
actionpack (7.0.4.3) lib/action_dispatch/middleware/server_timing.rb:26:in `collect_events'
actionpack (7.0.4.3) lib/action_dispatch/middleware/server_timing.rb:60:in `call'
actionpack (7.0.4.3) lib/action_dispatch/middleware/executor.rb:14:in `call'
actionpack (7.0.4.3) lib/action_dispatch/middleware/static.rb:23:in `call'
rack (2.2.6.4) lib/rack/sendfile.rb:110:in `call'
actionpack (7.0.4.3) lib/action_dispatch/middleware/host_authorization.rb:137:in `call'
railties (7.0.4.3) lib/rails/engine.rb:530:in `call'
rack-cors (2.0.1) lib/rack/cors.rb:102:in `call'
puma (5.6.5) lib/puma/configuration.rb:252:in `call'
puma (5.6.5) lib/puma/request.rb:77:in `block in handle_request'
puma (5.6.5) lib/puma/thread_pool.rb:340:in `with_force_shutdown'
puma (5.6.5) lib/puma/request.rb:76:in `handle_request'
puma (5.6.5) lib/puma/server.rb:443:in `process_client'
puma (5.6.5) lib/puma/thread_pool.rb:147:in `block in spawn_thread'
Started POST "/users" for ::1 at 2023-04-20 13:21:05 +0300
Processing by UsersController#create as */*
  Parameters: {"username"=>"wjrjhnwroivn", "email"=>"las;dvje;ov@gmail.com", "password"=>"[FILTERED]", "user"=>{"email"=>"las;dvje;ov@gmail.com", "username"=>"wjrjhnwroivn"}}
Can't verify CSRF token authenticity.
[31mUnpermitted parameter: :user. Context: { controller: UsersController, action: create, request: #<ActionDispatch::Request:0x00007ff49c9d1488>, params: {"username"=>"wjrjhnwroivn", "email"=>"las;dvje;ov@gmail.com", "password"=>"[FILTERED]", "controller"=>"users", "action"=>"create", "user"=>{"email"=>"las;dvje;ov@gmail.com", "username"=>"wjrjhnwroivn"}} }[0m
  [1m[36mTRANSACTION (0.2ms)[0m  [1m[35mBEGIN[0m
  ↳ app/controllers/users_controller.rb:3:in `create'
  [1m[36mUser Exists? (31.1ms)[0m  [1m[34mSELECT 1 AS one FROM "users" WHERE "users"."email" = $1 LIMIT $2[0m  [["email", "las;dvje;ov@gmail.com"], ["LIMIT", 1]]
  ↳ app/controllers/users_controller.rb:3:in `create'
  [1m[36mUser Create (11.8ms)[0m  [1m[32mINSERT INTO "users" ("email", "username", "password_digest", "role", "phone_number", "created_at", "updated_at") VALUES ($1, $2, $3, $4, $5, $6, $7) RETURNING "id"[0m  [["email", "las;dvje;ov@gmail.com"], ["username", "wjrjhnwroivn"], ["password_digest", "[FILTERED]"], ["role", "0"], ["phone_number", nil], ["created_at", "2023-04-20 10:21:06.188198"], ["updated_at", "2023-04-20 10:21:06.188198"]]
  ↳ app/controllers/users_controller.rb:3:in `create'
  [1m[36mTRANSACTION (2.3ms)[0m  [1m[35mCOMMIT[0m
  ↳ app/controllers/users_controller.rb:3:in `create'
Completed 201 Created in 349ms (Views: 0.4ms | ActiveRecord: 204.8ms | Allocations: 8284)


Started POST "/users" for ::1 at 2023-04-20 13:21:41 +0300
Processing by UsersController#create as */*
  Parameters: {"username"=>"wjrjhnwroivn", "email"=>"las;dvje;ov@gmail.com", "password"=>"[FILTERED]", "user"=>{"email"=>"las;dvje;ov@gmail.com", "username"=>"wjrjhnwroivn"}}
Can't verify CSRF token authenticity.
[31mUnpermitted parameter: :user. Context: { controller: UsersController, action: create, request: #<ActionDispatch::Request:0x00007ff49c638628>, params: {"username"=>"wjrjhnwroivn", "email"=>"las;dvje;ov@gmail.com", "password"=>"[FILTERED]", "controller"=>"users", "action"=>"create", "user"=>{"email"=>"las;dvje;ov@gmail.com", "username"=>"wjrjhnwroivn"}} }[0m
  [1m[36mTRANSACTION (0.1ms)[0m  [1m[35mBEGIN[0m
  ↳ app/controllers/users_controller.rb:3:in `create'
  [1m[36mUser Exists? (7.9ms)[0m  [1m[34mSELECT 1 AS one FROM "users" WHERE "users"."email" = $1 LIMIT $2[0m  [["email", "las;dvje;ov@gmail.com"], ["LIMIT", 1]]
  ↳ app/controllers/users_controller.rb:3:in `create'
  [1m[36mTRANSACTION (4.2ms)[0m  [1m[31mROLLBACK[0m
  ↳ app/controllers/users_controller.rb:3:in `create'
Completed 422 Unprocessable Entity in 336ms (ActiveRecord: 12.2ms | Allocations: 3059)


  
ActiveRecord::RecordInvalid (Validation failed: Email has already been taken):
  
app/controllers/users_controller.rb:3:in `create'
Started POST "/users" for ::1 at 2023-04-20 13:21:53 +0300
Processing by UsersController#create as */*
  Parameters: {"username"=>"rjhnwroivn", "email"=>"las;dvje;ov@gmail.com", "password"=>"[FILTERED]", "user"=>{"email"=>"las;dvje;ov@gmail.com", "username"=>"rjhnwroivn"}}
Can't verify CSRF token authenticity.
[31mUnpermitted parameter: :user. Context: { controller: UsersController, action: create, request: #<ActionDispatch::Request:0x00007ff4a8815660>, params: {"username"=>"rjhnwroivn", "email"=>"las;dvje;ov@gmail.com", "password"=>"[FILTERED]", "controller"=>"users", "action"=>"create", "user"=>{"email"=>"las;dvje;ov@gmail.com", "username"=>"rjhnwroivn"}} }[0m
  [1m[36mTRANSACTION (0.9ms)[0m  [1m[35mBEGIN[0m
  ↳ app/controllers/users_controller.rb:3:in `create'
  [1m[36mUser Exists? (1.0ms)[0m  [1m[34mSELECT 1 AS one FROM "users" WHERE "users"."email" = $1 LIMIT $2[0m  [["email", "las;dvje;ov@gmail.com"], ["LIMIT", 1]]
  ↳ app/controllers/users_controller.rb:3:in `create'
  [1m[36mTRANSACTION (0.3ms)[0m  [1m[31mROLLBACK[0m
  ↳ app/controllers/users_controller.rb:3:in `create'
Completed 422 Unprocessable Entity in 308ms (ActiveRecord: 2.2ms | Allocations: 2960)


  
ActiveRecord::RecordInvalid (Validation failed: Email has already been taken):
  
app/controllers/users_controller.rb:3:in `create'
Started POST "/users" for ::1 at 2023-04-20 13:21:58 +0300
Processing by UsersController#create as */*
  Parameters: {"username"=>"rjhnwroivn", "email"=>"las;ov@gmail.com", "password"=>"[FILTERED]", "user"=>{"email"=>"las;ov@gmail.com", "username"=>"rjhnwroivn"}}
Can't verify CSRF token authenticity.
[31mUnpermitted parameter: :user. Context: { controller: UsersController, action: create, request: #<ActionDispatch::Request:0x00007ff49c343b20>, params: {"username"=>"rjhnwroivn", "email"=>"las;ov@gmail.com", "password"=>"[FILTERED]", "controller"=>"users", "action"=>"create", "user"=>{"email"=>"las;ov@gmail.com", "username"=>"rjhnwroivn"}} }[0m
  [1m[36mTRANSACTION (0.2ms)[0m  [1m[35mBEGIN[0m
  ↳ app/controllers/users_controller.rb:3:in `create'
  [1m[36mUser Exists? (0.4ms)[0m  [1m[34mSELECT 1 AS one FROM "users" WHERE "users"."email" = $1 LIMIT $2[0m  [["email", "las;ov@gmail.com"], ["LIMIT", 1]]
  ↳ app/controllers/users_controller.rb:3:in `create'
  [1m[36mUser Create (4.5ms)[0m  [1m[32mINSERT INTO "users" ("email", "username", "password_digest", "role", "phone_number", "created_at", "updated_at") VALUES ($1, $2, $3, $4, $5, $6, $7) RETURNING "id"[0m  [["email", "las;ov@gmail.com"], ["username", "rjhnwroivn"], ["password_digest", "[FILTERED]"], ["role", "0"], ["phone_number", nil], ["created_at", "2023-04-20 10:21:59.278208"], ["updated_at", "2023-04-20 10:21:59.278208"]]
  ↳ app/controllers/users_controller.rb:3:in `create'
  [1m[36mTRANSACTION (1.4ms)[0m  [1m[35mCOMMIT[0m
  ↳ app/controllers/users_controller.rb:3:in `create'
Completed 201 Created in 287ms (Views: 3.1ms | ActiveRecord: 6.5ms | Allocations: 2879)


Started POST "/users" for ::1 at 2023-04-20 13:24:53 +0300
Processing by UsersController#create as */*
  Parameters: {"username"=>"rjhnwroivn", "email"=>"las;ov@gmail.com", "password"=>"[FILTERED]", "user"=>{"email"=>"las;ov@gmail.com", "username"=>"rjhnwroivn"}}
Can't verify CSRF token authenticity.
Completed 422 Unprocessable Entity in 3ms (ActiveRecord: 106.6ms | Allocations: 424)


  
ActionController::InvalidAuthenticityToken (Can't verify CSRF token authenticity.):
  
actionpack (7.0.4.3) lib/action_controller/metal/request_forgery_protection.rb:251:in `handle_unverified_request'
actionpack (7.0.4.3) lib/action_controller/metal/request_forgery_protection.rb:284:in `handle_unverified_request'
actionpack (7.0.4.3) lib/action_controller/metal/request_forgery_protection.rb:273:in `verify_authenticity_token'
activesupport (7.0.4.3) lib/active_support/callbacks.rb:400:in `block in make_lambda'
activesupport (7.0.4.3) lib/active_support/callbacks.rb:199:in `block (2 levels) in halting'
actionpack (7.0.4.3) lib/abstract_controller/callbacks.rb:34:in `block (2 levels) in <module:Callbacks>'
activesupport (7.0.4.3) lib/active_support/callbacks.rb:200:in `block in halting'
activesupport (7.0.4.3) lib/active_support/callbacks.rb:595:in `block in invoke_before'
activesupport (7.0.4.3) lib/active_support/callbacks.rb:595:in `each'
activesupport (7.0.4.3) lib/active_support/callbacks.rb:595:in `invoke_before'
activesupport (7.0.4.3) lib/active_support/callbacks.rb:116:in `block in run_callbacks'
activesupport (7.0.4.3) lib/active_support/callbacks.rb:138:in `run_callbacks'
actionpack (7.0.4.3) lib/abstract_controller/callbacks.rb:233:in `process_action'
actionpack (7.0.4.3) lib/action_controller/metal/rescue.rb:22:in `process_action'
actionpack (7.0.4.3) lib/action_controller/metal/instrumentation.rb:67:in `block in process_action'
activesupport (7.0.4.3) lib/active_support/notifications.rb:206:in `block in instrument'
activesupport (7.0.4.3) lib/active_support/notifications/instrumenter.rb:24:in `instrument'
activesupport (7.0.4.3) lib/active_support/notifications.rb:206:in `instrument'
actionpack (7.0.4.3) lib/action_controller/metal/instrumentation.rb:66:in `process_action'
actionpack (7.0.4.3) lib/action_controller/metal/params_wrapper.rb:259:in `process_action'
activerecord (7.0.4.3) lib/active_record/railties/controller_runtime.rb:27:in `process_action'
actionpack (7.0.4.3) lib/abstract_controller/base.rb:151:in `process'
actionview (7.0.4.3) lib/action_view/rendering.rb:39:in `process'
actionpack (7.0.4.3) lib/action_controller/metal.rb:188:in `dispatch'
actionpack (7.0.4.3) lib/action_controller/metal.rb:251:in `dispatch'
actionpack (7.0.4.3) lib/action_dispatch/routing/route_set.rb:49:in `dispatch'
actionpack (7.0.4.3) lib/action_dispatch/routing/route_set.rb:32:in `serve'
actionpack (7.0.4.3) lib/action_dispatch/journey/router.rb:50:in `block in serve'
actionpack (7.0.4.3) lib/action_dispatch/journey/router.rb:32:in `each'
actionpack (7.0.4.3) lib/action_dispatch/journey/router.rb:32:in `serve'
actionpack (7.0.4.3) lib/action_dispatch/routing/route_set.rb:852:in `call'
rack (2.2.6.4) lib/rack/tempfile_reaper.rb:15:in `call'
rack (2.2.6.4) lib/rack/etag.rb:27:in `call'
rack (2.2.6.4) lib/rack/conditional_get.rb:40:in `call'
rack (2.2.6.4) lib/rack/head.rb:12:in `call'
actionpack (7.0.4.3) lib/action_dispatch/http/permissions_policy.rb:38:in `call'
actionpack (7.0.4.3) lib/action_dispatch/http/content_security_policy.rb:36:in `call'
rack (2.2.6.4) lib/rack/session/abstract/id.rb:266:in `context'
rack (2.2.6.4) lib/rack/session/abstract/id.rb:260:in `call'
actionpack (7.0.4.3) lib/action_dispatch/middleware/cookies.rb:704:in `call'
activerecord (7.0.4.3) lib/active_record/migration.rb:603:in `call'
actionpack (7.0.4.3) lib/action_dispatch/middleware/callbacks.rb:27:in `block in call'
activesupport (7.0.4.3) lib/active_support/callbacks.rb:99:in `run_callbacks'
actionpack (7.0.4.3) lib/action_dispatch/middleware/callbacks.rb:26:in `call'
actionpack (7.0.4.3) lib/action_dispatch/middleware/executor.rb:14:in `call'
actionpack (7.0.4.3) lib/action_dispatch/middleware/actionable_exceptions.rb:17:in `call'
actionpack (7.0.4.3) lib/action_dispatch/middleware/debug_exceptions.rb:28:in `call'
web-console (4.2.0) lib/web_console/middleware.rb:132:in `call_app'
web-console (4.2.0) lib/web_console/middleware.rb:28:in `block in call'
web-console (4.2.0) lib/web_console/middleware.rb:17:in `catch'
web-console (4.2.0) lib/web_console/middleware.rb:17:in `call'
actionpack (7.0.4.3) lib/action_dispatch/middleware/show_exceptions.rb:26:in `call'
railties (7.0.4.3) lib/rails/rack/logger.rb:40:in `call_app'
railties (7.0.4.3) lib/rails/rack/logger.rb:25:in `block in call'
activesupport (7.0.4.3) lib/active_support/tagged_logging.rb:99:in `block in tagged'
activesupport (7.0.4.3) lib/active_support/tagged_logging.rb:37:in `tagged'
activesupport (7.0.4.3) lib/active_support/tagged_logging.rb:99:in `tagged'
railties (7.0.4.3) lib/rails/rack/logger.rb:25:in `call'
sprockets-rails (3.4.2) lib/sprockets/rails/quiet_assets.rb:13:in `call'
actionpack (7.0.4.3) lib/action_dispatch/middleware/remote_ip.rb:93:in `call'
actionpack (7.0.4.3) lib/action_dispatch/middleware/request_id.rb:26:in `call'
rack (2.2.6.4) lib/rack/method_override.rb:24:in `call'
rack (2.2.6.4) lib/rack/runtime.rb:22:in `call'
activesupport (7.0.4.3) lib/active_support/cache/strategy/local_cache_middleware.rb:29:in `call'
actionpack (7.0.4.3) lib/action_dispatch/middleware/server_timing.rb:61:in `block in call'
actionpack (7.0.4.3) lib/action_dispatch/middleware/server_timing.rb:26:in `collect_events'
actionpack (7.0.4.3) lib/action_dispatch/middleware/server_timing.rb:60:in `call'
actionpack (7.0.4.3) lib/action_dispatch/middleware/executor.rb:14:in `call'
actionpack (7.0.4.3) lib/action_dispatch/middleware/static.rb:23:in `call'
rack (2.2.6.4) lib/rack/sendfile.rb:110:in `call'
actionpack (7.0.4.3) lib/action_dispatch/middleware/host_authorization.rb:137:in `call'
railties (7.0.4.3) lib/rails/engine.rb:530:in `call'
rack-cors (2.0.1) lib/rack/cors.rb:102:in `call'
puma (5.6.5) lib/puma/configuration.rb:252:in `call'
puma (5.6.5) lib/puma/request.rb:77:in `block in handle_request'
puma (5.6.5) lib/puma/thread_pool.rb:340:in `with_force_shutdown'
puma (5.6.5) lib/puma/request.rb:76:in `handle_request'
puma (5.6.5) lib/puma/server.rb:443:in `process_client'
puma (5.6.5) lib/puma/thread_pool.rb:147:in `block in spawn_thread'
Started POST "/users" for ::1 at 2023-04-20 13:25:08 +0300
Processing by UsersController#create as */*
  Parameters: {"username"=>"rjhnwroivn", "email"=>"las;ov@gmail.com", "password"=>"[FILTERED]", "user"=>{"email"=>"las;ov@gmail.com", "username"=>"rjhnwroivn"}}
[31mUnpermitted parameter: :user. Context: { controller: UsersController, action: create, request: #<ActionDispatch::Request:0x00007ff49ccfacb8>, params: {"username"=>"rjhnwroivn", "email"=>"las;ov@gmail.com", "password"=>"[FILTERED]", "controller"=>"users", "action"=>"create", "user"=>{"email"=>"las;ov@gmail.com", "username"=>"rjhnwroivn"}} }[0m
  [1m[36mTRANSACTION (0.2ms)[0m  [1m[35mBEGIN[0m
  ↳ app/controllers/users_controller.rb:3:in `create'
  [1m[36mUser Exists? (0.4ms)[0m  [1m[34mSELECT 1 AS one FROM "users" WHERE "users"."email" = $1 LIMIT $2[0m  [["email", "las;ov@gmail.com"], ["LIMIT", 1]]
  ↳ app/controllers/users_controller.rb:3:in `create'
  [1m[36mTRANSACTION (0.3ms)[0m  [1m[31mROLLBACK[0m
  ↳ app/controllers/users_controller.rb:3:in `create'
Completed 422 Unprocessable Entity in 289ms (ActiveRecord: 39.1ms | Allocations: 4815)


  
ActiveRecord::RecordInvalid (Validation failed: Email has already been taken):
  
app/controllers/users_controller.rb:3:in `create'
Started POST "/users" for ::1 at 2023-04-20 13:34:09 +0300
Processing by UsersController#create as */*
  Parameters: {"username"=>"rjhnwroivn", "email"=>"las;ov@gmail.com", "password"=>"[FILTERED]", "user"=>{"email"=>"las;ov@gmail.com", "username"=>"rjhnwroivn"}}
[31mUnpermitted parameter: :user. Context: { controller: UsersController, action: create, request: #<ActionDispatch::Request:0x00007ff49c1124a0>, params: {"username"=>"rjhnwroivn", "email"=>"las;ov@gmail.com", "password"=>"[FILTERED]", "controller"=>"users", "action"=>"create", "user"=>{"email"=>"las;ov@gmail.com", "username"=>"rjhnwroivn"}} }[0m
  [1m[36mTRANSACTION (0.2ms)[0m  [1m[35mBEGIN[0m
  ↳ app/controllers/users_controller.rb:3:in `create'
  [1m[36mUser Exists? (2.1ms)[0m  [1m[34mSELECT 1 AS one FROM "users" WHERE "users"."email" = $1 LIMIT $2[0m  [["email", "las;ov@gmail.com"], ["LIMIT", 1]]
  ↳ app/controllers/users_controller.rb:3:in `create'
  [1m[36mTRANSACTION (0.5ms)[0m  [1m[31mROLLBACK[0m
  ↳ app/controllers/users_controller.rb:3:in `create'
Completed 422 Unprocessable Entity in 401ms (ActiveRecord: 56.4ms | Allocations: 5775)


  
ActiveRecord::RecordInvalid (Validation failed: Email has already been taken):
  
app/controllers/users_controller.rb:3:in `create'
Started GET "/users" for ::1 at 2023-04-20 13:36:30 +0300
  [1m[36mActiveRecord::SchemaMigration Pluck (2.5ms)[0m  [1m[34mSELECT "schema_migrations"."version" FROM "schema_migrations" ORDER BY "schema_migrations"."version" ASC[0m
  
AbstractController::ActionNotFound (The action 'index' could not be found for UsersController):
  
actionpack (7.0.4.3) lib/abstract_controller/base.rb:146:in `process'
actionview (7.0.4.3) lib/action_view/rendering.rb:39:in `process'
actionpack (7.0.4.3) lib/action_controller/metal.rb:188:in `dispatch'
actionpack (7.0.4.3) lib/action_controller/metal.rb:251:in `dispatch'
actionpack (7.0.4.3) lib/action_dispatch/routing/route_set.rb:49:in `dispatch'
actionpack (7.0.4.3) lib/action_dispatch/routing/route_set.rb:32:in `serve'
actionpack (7.0.4.3) lib/action_dispatch/journey/router.rb:50:in `block in serve'
actionpack (7.0.4.3) lib/action_dispatch/journey/router.rb:32:in `each'
actionpack (7.0.4.3) lib/action_dispatch/journey/router.rb:32:in `serve'
actionpack (7.0.4.3) lib/action_dispatch/routing/route_set.rb:852:in `call'
rack (2.2.6.4) lib/rack/session/abstract/id.rb:266:in `context'
rack (2.2.6.4) lib/rack/session/abstract/id.rb:260:in `call'
actionpack (7.0.4.3) lib/action_dispatch/middleware/cookies.rb:704:in `call'
rack (2.2.6.4) lib/rack/tempfile_reaper.rb:15:in `call'
rack (2.2.6.4) lib/rack/etag.rb:27:in `call'
rack (2.2.6.4) lib/rack/conditional_get.rb:27:in `call'
rack (2.2.6.4) lib/rack/head.rb:12:in `call'
actionpack (7.0.4.3) lib/action_dispatch/http/permissions_policy.rb:38:in `call'
actionpack (7.0.4.3) lib/action_dispatch/http/content_security_policy.rb:36:in `call'
rack (2.2.6.4) lib/rack/session/abstract/id.rb:266:in `context'
rack (2.2.6.4) lib/rack/session/abstract/id.rb:260:in `call'
actionpack (7.0.4.3) lib/action_dispatch/middleware/cookies.rb:704:in `call'
activerecord (7.0.4.3) lib/active_record/migration.rb:603:in `call'
actionpack (7.0.4.3) lib/action_dispatch/middleware/callbacks.rb:27:in `block in call'
activesupport (7.0.4.3) lib/active_support/callbacks.rb:99:in `run_callbacks'
actionpack (7.0.4.3) lib/action_dispatch/middleware/callbacks.rb:26:in `call'
actionpack (7.0.4.3) lib/action_dispatch/middleware/executor.rb:14:in `call'
actionpack (7.0.4.3) lib/action_dispatch/middleware/actionable_exceptions.rb:17:in `call'
actionpack (7.0.4.3) lib/action_dispatch/middleware/debug_exceptions.rb:28:in `call'
web-console (4.2.0) lib/web_console/middleware.rb:132:in `call_app'
web-console (4.2.0) lib/web_console/middleware.rb:28:in `block in call'
web-console (4.2.0) lib/web_console/middleware.rb:17:in `catch'
web-console (4.2.0) lib/web_console/middleware.rb:17:in `call'
actionpack (7.0.4.3) lib/action_dispatch/middleware/show_exceptions.rb:26:in `call'
railties (7.0.4.3) lib/rails/rack/logger.rb:40:in `call_app'
railties (7.0.4.3) lib/rails/rack/logger.rb:25:in `block in call'
activesupport (7.0.4.3) lib/active_support/tagged_logging.rb:99:in `block in tagged'
activesupport (7.0.4.3) lib/active_support/tagged_logging.rb:37:in `tagged'
activesupport (7.0.4.3) lib/active_support/tagged_logging.rb:99:in `tagged'
railties (7.0.4.3) lib/rails/rack/logger.rb:25:in `call'
sprockets-rails (3.4.2) lib/sprockets/rails/quiet_assets.rb:13:in `call'
actionpack (7.0.4.3) lib/action_dispatch/middleware/remote_ip.rb:93:in `call'
actionpack (7.0.4.3) lib/action_dispatch/middleware/request_id.rb:26:in `call'
rack (2.2.6.4) lib/rack/method_override.rb:24:in `call'
rack (2.2.6.4) lib/rack/runtime.rb:22:in `call'
activesupport (7.0.4.3) lib/active_support/cache/strategy/local_cache_middleware.rb:29:in `call'
actionpack (7.0.4.3) lib/action_dispatch/middleware/server_timing.rb:61:in `block in call'
actionpack (7.0.4.3) lib/action_dispatch/middleware/server_timing.rb:26:in `collect_events'
actionpack (7.0.4.3) lib/action_dispatch/middleware/server_timing.rb:60:in `call'
actionpack (7.0.4.3) lib/action_dispatch/middleware/executor.rb:14:in `call'
actionpack (7.0.4.3) lib/action_dispatch/middleware/static.rb:23:in `call'
rack (2.2.6.4) lib/rack/sendfile.rb:110:in `call'
actionpack (7.0.4.3) lib/action_dispatch/middleware/host_authorization.rb:137:in `call'
railties (7.0.4.3) lib/rails/engine.rb:530:in `call'
puma (5.6.5) lib/puma/configuration.rb:252:in `call'
puma (5.6.5) lib/puma/request.rb:77:in `block in handle_request'
puma (5.6.5) lib/puma/thread_pool.rb:340:in `with_force_shutdown'
puma (5.6.5) lib/puma/request.rb:76:in `handle_request'
puma (5.6.5) lib/puma/server.rb:443:in `process_client'
puma (5.6.5) lib/puma/thread_pool.rb:147:in `block in spawn_thread'
Started POST "/users" for ::1 at 2023-04-20 13:36:39 +0300
Processing by UsersController#create as */*
  [1m[36mTRANSACTION (0.3ms)[0m  [1m[35mBEGIN[0m
  ↳ app/controllers/users_controller.rb:3:in `create'
  [1m[36mUser Exists? (0.5ms)[0m  [1m[34mSELECT 1 AS one FROM "users" WHERE "users"."email" IS NULL LIMIT $1[0m  [["LIMIT", 1]]
  ↳ app/controllers/users_controller.rb:3:in `create'
  [1m[36mTRANSACTION (0.3ms)[0m  [1m[31mROLLBACK[0m
  ↳ app/controllers/users_controller.rb:3:in `create'
Completed 422 Unprocessable Entity in 51ms (ActiveRecord: 5.6ms | Allocations: 26121)


  
ActiveRecord::RecordInvalid (Validation failed: Password can't be blank, Email can't be blank):
  
app/controllers/users_controller.rb:3:in `create'
Started POST "/users" for ::1 at 2023-04-20 13:37:26 +0300
Processing by UsersController#create as */*
  Parameters: {"username"=>"ryan", "email"=>"email.com", "password"=>"[FILTERED]", "user"=>{"email"=>"email.com", "username"=>"ryan"}}
[31mUnpermitted parameter: :user. Context: { controller: UsersController, action: create, request: #<ActionDispatch::Request:0x00007f1b94034240>, params: {"username"=>"ryan", "email"=>"email.com", "password"=>"[FILTERED]", "controller"=>"users", "action"=>"create", "user"=>{"email"=>"email.com", "username"=>"ryan"}} }[0m
  [1m[36mTRANSACTION (0.2ms)[0m  [1m[35mBEGIN[0m
  ↳ app/controllers/users_controller.rb:3:in `create'
  [1m[36mUser Exists? (0.8ms)[0m  [1m[34mSELECT 1 AS one FROM "users" WHERE "users"."email" = $1 LIMIT $2[0m  [["email", "email.com"], ["LIMIT", 1]]
  ↳ app/controllers/users_controller.rb:3:in `create'
  [1m[36mUser Create (6.1ms)[0m  [1m[32mINSERT INTO "users" ("email", "username", "password_digest", "role", "phone_number", "created_at", "updated_at") VALUES ($1, $2, $3, $4, $5, $6, $7) RETURNING "id"[0m  [["email", "email.com"], ["username", "ryan"], ["password_digest", "[FILTERED]"], ["role", "0"], ["phone_number", nil], ["created_at", "2023-04-20 10:37:27.065722"], ["updated_at", "2023-04-20 10:37:27.065722"]]
  ↳ app/controllers/users_controller.rb:3:in `create'
  [1m[36mTRANSACTION (1.9ms)[0m  [1m[35mCOMMIT[0m
  ↳ app/controllers/users_controller.rb:3:in `create'
Completed 201 Created in 244ms (Views: 0.9ms | ActiveRecord: 9.0ms | Allocations: 4369)


Started POST "/users" for ::1 at 2023-04-20 13:48:05 +0300
Processing by UsersController#create as */*
  Parameters: {"username"=>"ryanlangat", "email"=>"mail.com", "password"=>"[FILTERED]", "user"=>{"email"=>"mail.com", "username"=>"ryanlangat"}}
[31mUnpermitted parameter: :user. Context: { controller: UsersController, action: create, request: #<ActionDispatch::Request:0x00007f1b84111f88>, params: {"username"=>"ryanlangat", "email"=>"mail.com", "password"=>"[FILTERED]", "controller"=>"users", "action"=>"create", "user"=>{"email"=>"mail.com", "username"=>"ryanlangat"}} }[0m
  [1m[36mTRANSACTION (0.3ms)[0m  [1m[35mBEGIN[0m
  ↳ app/controllers/users_controller.rb:3:in `create'
  [1m[36mUser Exists? (6.1ms)[0m  [1m[34mSELECT 1 AS one FROM "users" WHERE "users"."email" = $1 LIMIT $2[0m  [["email", "mail.com"], ["LIMIT", 1]]
  ↳ app/controllers/users_controller.rb:3:in `create'
  [1m[36mUser Create (5.0ms)[0m  [1m[32mINSERT INTO "users" ("email", "username", "password_digest", "role", "phone_number", "created_at", "updated_at") VALUES ($1, $2, $3, $4, $5, $6, $7) RETURNING "id"[0m  [["email", "mail.com"], ["username", "ryanlangat"], ["password_digest", "[FILTERED]"], ["role", "0"], ["phone_number", nil], ["created_at", "2023-04-20 10:48:06.108981"], ["updated_at", "2023-04-20 10:48:06.108981"]]
  ↳ app/controllers/users_controller.rb:3:in `create'
  [1m[36mTRANSACTION (2.5ms)[0m  [1m[35mCOMMIT[0m
  ↳ app/controllers/users_controller.rb:3:in `create'
Completed 201 Created in 243ms (Views: 0.6ms | ActiveRecord: 31.8ms | Allocations: 4816)


Started POST "/users" for ::1 at 2023-04-20 13:55:36 +0300
Processing by UsersController#create as */*
  Parameters: {"username"=>"ryanlangat", "password"=>"[FILTERED]", "email"=>"mail.com", "user"=>{"email"=>"mail.com", "username"=>"ryanlangat"}}
[31mUnpermitted parameter: :user. Context: { controller: UsersController, action: create, request: #<ActionDispatch::Request:0x00007f1b889ef3e0>, params: {"username"=>"ryanlangat", "password"=>"[FILTERED]", "email"=>"mail.com", "controller"=>"users", "action"=>"create", "user"=>{"email"=>"mail.com", "username"=>"ryanlangat"}} }[0m
  [1m[36mTRANSACTION (0.1ms)[0m  [1m[35mBEGIN[0m
  ↳ app/controllers/users_controller.rb:3:in `create'
  [1m[36mUser Exists? (0.8ms)[0m  [1m[34mSELECT 1 AS one FROM "users" WHERE "users"."email" = $1 LIMIT $2[0m  [["email", "mail.com"], ["LIMIT", 1]]
  ↳ app/controllers/users_controller.rb:3:in `create'
  [1m[36mTRANSACTION (0.3ms)[0m  [1m[31mROLLBACK[0m
  ↳ app/controllers/users_controller.rb:3:in `create'
Completed 422 Unprocessable Entity in 262ms (ActiveRecord: 18.7ms | Allocations: 5825)


  
ActiveRecord::RecordInvalid (Validation failed: Email has already been taken):
  
app/controllers/users_controller.rb:3:in `create'
Started POST "/users" for ::1 at 2023-04-20 13:56:38 +0300
Processing by UsersController#create as */*
  Parameters: {"username"=>"ryanlangat", "password"=>"[FILTERED]", "email"=>"slkdmail.com", "user"=>{"email"=>"slkdmail.com", "username"=>"ryanlangat"}}
[31mUnpermitted parameter: :user. Context: { controller: UsersController, action: create, request: #<ActionDispatch::Request:0x00007f1b98312238>, params: {"username"=>"ryanlangat", "password"=>"[FILTERED]", "email"=>"slkdmail.com", "controller"=>"users", "action"=>"create", "user"=>{"email"=>"slkdmail.com", "username"=>"ryanlangat"}} }[0m
  [1m[36mTRANSACTION (0.3ms)[0m  [1m[35mBEGIN[0m
  ↳ app/controllers/users_controller.rb:3:in `create'
  [1m[36mUser Exists? (0.3ms)[0m  [1m[34mSELECT 1 AS one FROM "users" WHERE "users"."email" = $1 LIMIT $2[0m  [["email", "slkdmail.com"], ["LIMIT", 1]]
  ↳ app/controllers/users_controller.rb:3:in `create'
  [1m[36mUser Create (1.8ms)[0m  [1m[32mINSERT INTO "users" ("email", "username", "password_digest", "role", "phone_number", "created_at", "updated_at") VALUES ($1, $2, $3, $4, $5, $6, $7) RETURNING "id"[0m  [["email", "slkdmail.com"], ["username", "ryanlangat"], ["password_digest", "[FILTERED]"], ["role", "0"], ["phone_number", nil], ["created_at", "2023-04-20 10:56:38.428185"], ["updated_at", "2023-04-20 10:56:38.428185"]]
  ↳ app/controllers/users_controller.rb:3:in `create'
  [1m[36mTRANSACTION (1.6ms)[0m  [1m[35mCOMMIT[0m
  ↳ app/controllers/users_controller.rb:3:in `create'
Completed 201 Created in 237ms (Views: 0.3ms | ActiveRecord: 4.1ms | Allocations: 2851)


